2020-10-03 01:03:49.060  INFO 4656 --- [main] e.m.matned.portfolioapp.AppStarter       : Starting AppStarter on DESKTOP-OJ2T462 with PID 4656 (D:\DROPBOX\Dropbox\JAVA\portfolio_app2\target\classes started by Perun in D:\DROPBOX\Dropbox\JAVA\portfolio_app2)
2020-10-03 01:03:49.063  INFO 4656 --- [main] e.m.matned.portfolioapp.AppStarter       : The following profiles are active: def
2020-10-03 01:03:50.133  INFO 4656 --- [main] .s.d.r.c.RepositoryConfigurationDelegate : Bootstrapping Spring Data JPA repositories in DEFERRED mode.
2020-10-03 01:03:50.236  INFO 4656 --- [main] .s.d.r.c.RepositoryConfigurationDelegate : Finished Spring Data repository scanning in 96ms. Found 6 JPA repository interfaces.
2020-10-03 01:03:50.706  INFO 4656 --- [main] o.s.b.w.embedded.tomcat.TomcatWebServer  : Tomcat initialized with port(s): 8080 (http)
2020-10-03 01:03:50.713  INFO 4656 --- [main] o.apache.catalina.core.StandardService   : Starting service [Tomcat]
2020-10-03 01:03:50.713  INFO 4656 --- [main] org.apache.catalina.core.StandardEngine  : Starting Servlet engine: [Apache Tomcat/9.0.38]
2020-10-03 01:03:50.714  INFO 4656 --- [main] o.a.catalina.core.AprLifecycleListener   : Loaded Apache Tomcat Native library [1.2.24] using APR version [1.7.0].
2020-10-03 01:03:50.715  INFO 4656 --- [main] o.a.catalina.core.AprLifecycleListener   : APR capabilities: IPv6 [true], sendfile [true], accept filters [false], random [true].
2020-10-03 01:03:50.716  INFO 4656 --- [main] o.a.catalina.core.AprLifecycleListener   : APR/OpenSSL configuration: useAprConnector [false], useOpenSSL [true]
2020-10-03 01:03:50.720  INFO 4656 --- [main] o.a.catalina.core.AprLifecycleListener   : OpenSSL successfully initialized [OpenSSL 1.1.1g  21 Apr 2020]
2020-10-03 01:03:50.828  INFO 4656 --- [main] o.a.c.c.C.[Tomcat].[localhost].[/]       : Initializing Spring embedded WebApplicationContext
2020-10-03 01:03:50.828  INFO 4656 --- [main] w.s.c.ServletWebServerApplicationContext : Root WebApplicationContext: initialization completed in 1702 ms
2020-10-03 01:03:51.012  INFO 4656 --- [main] o.s.s.concurrent.ThreadPoolTaskExecutor  : Initializing ExecutorService 'applicationTaskExecutor'
2020-10-03 01:03:51.070  INFO 4656 --- [task-1] o.hibernate.jpa.internal.util.LogHelper  : HHH000204: Processing PersistenceUnitInfo [name: default]
2020-10-03 01:03:51.090  INFO 4656 --- [main] com.zaxxer.hikari.HikariDataSource       : HikariPool-1 - Starting...
2020-10-03 01:03:51.122  INFO 4656 --- [task-1] org.hibernate.Version                    : HHH000412: Hibernate ORM core version 5.4.21.Final
2020-10-03 01:03:51.289  INFO 4656 --- [task-1] o.hibernate.annotations.common.Version   : HCANN000001: Hibernate Commons Annotations {5.1.0.Final}
2020-10-03 01:03:51.391  INFO 4656 --- [main] com.zaxxer.hikari.HikariDataSource       : HikariPool-1 - Start completed.
2020-10-03 01:03:51.412  INFO 4656 --- [task-1] org.hibernate.dialect.Dialect            : HHH000400: Using dialect: org.hibernate.dialect.MySQL8Dialect
2020-10-03 01:03:51.477 DEBUG 4656 --- [main] o.s.w.f.CommonsRequestLoggingFilter      : Filter 'requestLoggingFilter' configured for use
2020-10-03 01:03:52.228  INFO 4656 --- [task-1] o.h.e.t.j.p.i.JtaPlatformInitiator       : HHH000490: Using JtaPlatform implementation: [org.hibernate.engine.transaction.jta.platform.internal.NoJtaPlatform]
2020-10-03 01:03:52.235  INFO 4656 --- [task-1] j.LocalContainerEntityManagerFactoryBean : Initialized JPA EntityManagerFactory for persistence unit 'default'
2020-10-03 01:03:52.715  WARN 4656 --- [main] JpaBaseConfiguration$JpaWebConfiguration : spring.jpa.open-in-view is enabled by default. Therefore, database queries may be performed during view rendering. Explicitly configure spring.jpa.open-in-view to disable this warning
2020-10-03 01:03:52.878 DEBUG 4656 --- [main] s.w.s.m.m.a.RequestMappingHandlerAdapter : ControllerAdvice beans: 0 @ModelAttribute, 0 @InitBinder, 1 RequestBodyAdvice, 1 ResponseBodyAdvice
2020-10-03 01:03:52.936 DEBUG 4656 --- [main] s.w.s.m.m.a.RequestMappingHandlerMapping : 30 mappings in 'requestMappingHandlerMapping'
2020-10-03 01:03:52.942  INFO 4656 --- [main] o.s.b.a.w.s.WelcomePageHandlerMapping    : Adding welcome page template: index
2020-10-03 01:03:52.967 DEBUG 4656 --- [main] o.s.w.s.handler.SimpleUrlHandlerMapping  : Patterns [/webjars/**, /**] in 'resourceHandlerMapping'
2020-10-03 01:03:52.976 DEBUG 4656 --- [main] .m.m.a.ExceptionHandlerExceptionResolver : ControllerAdvice beans: 0 @ExceptionHandler, 1 ResponseBodyAdvice
2020-10-03 01:03:53.258  INFO 4656 --- [main] o.s.s.web.DefaultSecurityFilterChain     : Creating filter chain: any request, [org.springframework.security.web.context.request.async.WebAsyncManagerIntegrationFilter@3664c596, org.springframework.security.web.context.SecurityContextPersistenceFilter@17e6b7e4, org.springframework.security.web.header.HeaderWriterFilter@417bfebd, org.springframework.web.filter.CorsFilter@40aad17d, org.springframework.security.web.authentication.logout.LogoutFilter@56f61d74, org.springframework.security.web.authentication.UsernamePasswordAuthenticationFilter@7c88d04f, org.springframework.security.web.savedrequest.RequestCacheAwareFilter@b842275, org.springframework.security.web.servletapi.SecurityContextHolderAwareRequestFilter@4a6ef712, org.springframework.security.web.authentication.rememberme.RememberMeAuthenticationFilter@4895e8f6, org.springframework.security.web.authentication.AnonymousAuthenticationFilter@44e79e9e, org.springframework.security.web.session.SessionManagementFilter@2a4cb8ae, org.springframework.security.web.access.ExceptionTranslationFilter@20155dae, org.springframework.security.web.access.intercept.FilterSecurityInterceptor@84a9f65]
2020-10-03 01:03:53.313  INFO 4656 --- [main] o.s.b.a.e.web.EndpointLinksResolver      : Exposing 2 endpoint(s) beneath base path '/actuator'
2020-10-03 01:03:53.358  INFO 4656 --- [main] o.s.b.w.embedded.tomcat.TomcatWebServer  : Tomcat started on port(s): 8080 (http) with context path ''
2020-10-03 01:03:53.360  INFO 4656 --- [main] DeferredRepositoryInitializationListener : Triggering deferred initialization of Spring Data repositories…
2020-10-03 01:03:53.388  INFO 4656 --- [main] DeferredRepositoryInitializationListener : Spring Data repositories initialized!
2020-10-03 01:03:53.398  INFO 4656 --- [main] s.a.ScheduledAnnotationBeanPostProcessor : No TaskScheduler/ScheduledExecutorService bean found for scheduled processing
2020-10-03 01:03:53.406  INFO 4656 --- [main] e.m.matned.portfolioapp.AppStarter       : Started AppStarter in 4.77 seconds (JVM running for 5.595)
2020-10-03 01:03:54.063  INFO 4656 --- [RMI TCP Connection(2)-192.168.0.29] o.a.c.c.C.[Tomcat].[localhost].[/]       : Initializing Spring DispatcherServlet 'dispatcherServlet'
2020-10-03 01:03:54.063  INFO 4656 --- [RMI TCP Connection(2)-192.168.0.29] o.s.web.servlet.DispatcherServlet        : Initializing Servlet 'dispatcherServlet'
2020-10-03 01:03:54.064 DEBUG 4656 --- [RMI TCP Connection(2)-192.168.0.29] o.s.web.servlet.DispatcherServlet        : Detected StandardServletMultipartResolver
2020-10-03 01:03:54.070 DEBUG 4656 --- [RMI TCP Connection(2)-192.168.0.29] o.s.web.servlet.DispatcherServlet        : enableLoggingRequestDetails='false': request parameters and headers will be masked to prevent unsafe logging of potentially sensitive data
2020-10-03 01:03:54.071  INFO 4656 --- [RMI TCP Connection(2)-192.168.0.29] o.s.web.servlet.DispatcherServlet        : Completed initialization in 7 ms
2020-10-03 01:04:04.622 DEBUG 4656 --- [http-nio-8080-exec-1] o.s.w.f.CommonsRequestLoggingFilter      : Before request [GET /contact, client=0:0:0:0:0:0:0:1, session=b3da7ebe-dfc2-4521-9a43-96de561bcd24, user=mat.niedbal@gmail.com]
2020-10-03 01:04:04.624 DEBUG 4656 --- [http-nio-8080-exec-1] o.s.web.servlet.DispatcherServlet        : GET "/contact", parameters={}
2020-10-03 01:04:04.627 DEBUG 4656 --- [http-nio-8080-exec-1] s.w.s.m.m.a.RequestMappingHandlerMapping : Mapped to eu.mrndesign.matned.portfolioapp.controller.ContactController#contactInfo(Model)
2020-10-03 01:04:04.692 DEBUG 4656 --- [http-nio-8080-exec-1] o.s.w.s.v.ContentNegotiatingViewResolver : Selected 'text/html' given [text/html, application/xhtml+xml, image/avif, image/webp, image/apng, application/xml;q=0.9, application/signed-exchange;v=b3;q=0.9, */*;q=0.8]
2020-10-03 01:04:04.987 DEBUG 4656 --- [http-nio-8080-exec-1] o.s.web.servlet.DispatcherServlet        : Completed 200 OK
2020-10-03 01:04:04.989 DEBUG 4656 --- [http-nio-8080-exec-1] o.s.w.f.CommonsRequestLoggingFilter      : After request [GET /contact, client=0:0:0:0:0:0:0:1, session=b3da7ebe-dfc2-4521-9a43-96de561bcd24, user=mat.niedbal@gmail.com]
2020-10-03 01:04:05.019 DEBUG 4656 --- [http-nio-8080-exec-2] o.s.w.f.CommonsRequestLoggingFilter      : Before request [GET /css/menu.css, client=0:0:0:0:0:0:0:1, session=b3da7ebe-dfc2-4521-9a43-96de561bcd24, user=mat.niedbal@gmail.com]
2020-10-03 01:04:05.020 DEBUG 4656 --- [http-nio-8080-exec-2] o.s.web.servlet.DispatcherServlet        : GET "/css/menu.css", parameters={}
2020-10-03 01:04:05.024 DEBUG 4656 --- [http-nio-8080-exec-3] o.s.w.f.CommonsRequestLoggingFilter      : Before request [GET /css/footer.css, client=0:0:0:0:0:0:0:1, session=b3da7ebe-dfc2-4521-9a43-96de561bcd24, user=mat.niedbal@gmail.com]
2020-10-03 01:04:05.024 DEBUG 4656 --- [http-nio-8080-exec-2] o.s.w.s.handler.SimpleUrlHandlerMapping  : Mapped to ResourceHttpRequestHandler ["classpath:/META-INF/resources/", "classpath:/resources/", "classpath:/static/", "classpath:/public/", "/"]
2020-10-03 01:04:05.024 DEBUG 4656 --- [http-nio-8080-exec-3] o.s.web.servlet.DispatcherServlet        : GET "/css/footer.css", parameters={}
2020-10-03 01:04:05.025 DEBUG 4656 --- [http-nio-8080-exec-3] o.s.w.s.handler.SimpleUrlHandlerMapping  : Mapped to ResourceHttpRequestHandler ["classpath:/META-INF/resources/", "classpath:/resources/", "classpath:/static/", "classpath:/public/", "/"]
2020-10-03 01:04:05.048 DEBUG 4656 --- [http-nio-8080-exec-2] o.s.web.servlet.DispatcherServlet        : Completed 200 OK
2020-10-03 01:04:05.048 DEBUG 4656 --- [http-nio-8080-exec-2] o.s.w.f.CommonsRequestLoggingFilter      : After request [GET /css/menu.css, client=0:0:0:0:0:0:0:1, session=b3da7ebe-dfc2-4521-9a43-96de561bcd24, user=mat.niedbal@gmail.com]
2020-10-03 01:04:05.049 DEBUG 4656 --- [http-nio-8080-exec-4] o.s.w.f.CommonsRequestLoggingFilter      : Before request [GET /css/main.css, client=0:0:0:0:0:0:0:1, session=b3da7ebe-dfc2-4521-9a43-96de561bcd24, user=mat.niedbal@gmail.com]
2020-10-03 01:04:05.050 DEBUG 4656 --- [http-nio-8080-exec-4] o.s.web.servlet.DispatcherServlet        : GET "/css/main.css", parameters={}
2020-10-03 01:04:05.051 DEBUG 4656 --- [http-nio-8080-exec-4] o.s.w.s.handler.SimpleUrlHandlerMapping  : Mapped to ResourceHttpRequestHandler ["classpath:/META-INF/resources/", "classpath:/resources/", "classpath:/static/", "classpath:/public/", "/"]
2020-10-03 01:04:05.052 DEBUG 4656 --- [http-nio-8080-exec-3] o.s.web.servlet.DispatcherServlet        : Completed 200 OK
2020-10-03 01:04:05.052 DEBUG 4656 --- [http-nio-8080-exec-3] o.s.w.f.CommonsRequestLoggingFilter      : After request [GET /css/footer.css, client=0:0:0:0:0:0:0:1, session=b3da7ebe-dfc2-4521-9a43-96de561bcd24, user=mat.niedbal@gmail.com]
2020-10-03 01:04:05.064 DEBUG 4656 --- [http-nio-8080-exec-4] o.s.web.servlet.DispatcherServlet        : Completed 200 OK
2020-10-03 01:04:05.065 DEBUG 4656 --- [http-nio-8080-exec-4] o.s.w.f.CommonsRequestLoggingFilter      : After request [GET /css/main.css, client=0:0:0:0:0:0:0:1, session=b3da7ebe-dfc2-4521-9a43-96de561bcd24, user=mat.niedbal@gmail.com]
2020-10-03 01:04:05.107 DEBUG 4656 --- [http-nio-8080-exec-5] o.s.w.f.CommonsRequestLoggingFilter      : Before request [GET /img/ic_shopping_cart.png, client=0:0:0:0:0:0:0:1, session=b3da7ebe-dfc2-4521-9a43-96de561bcd24, user=mat.niedbal@gmail.com]
2020-10-03 01:04:05.107 DEBUG 4656 --- [http-nio-8080-exec-5] o.s.web.servlet.DispatcherServlet        : GET "/img/ic_shopping_cart.png", parameters={}
2020-10-03 01:04:05.108 DEBUG 4656 --- [http-nio-8080-exec-6] o.s.w.f.CommonsRequestLoggingFilter      : Before request [GET /img/ic_play_arrow.png, client=0:0:0:0:0:0:0:1, session=b3da7ebe-dfc2-4521-9a43-96de561bcd24, user=mat.niedbal@gmail.com]
2020-10-03 01:04:05.108 DEBUG 4656 --- [http-nio-8080-exec-6] o.s.web.servlet.DispatcherServlet        : GET "/img/ic_play_arrow.png", parameters={}
2020-10-03 01:04:05.108 DEBUG 4656 --- [http-nio-8080-exec-5] o.s.w.s.handler.SimpleUrlHandlerMapping  : Mapped to ResourceHttpRequestHandler ["classpath:/META-INF/resources/", "classpath:/resources/", "classpath:/static/", "classpath:/public/", "/"]
2020-10-03 01:04:05.109 DEBUG 4656 --- [http-nio-8080-exec-6] o.s.w.s.handler.SimpleUrlHandlerMapping  : Mapped to ResourceHttpRequestHandler ["classpath:/META-INF/resources/", "classpath:/resources/", "classpath:/static/", "classpath:/public/", "/"]
2020-10-03 01:04:05.111 DEBUG 4656 --- [http-nio-8080-exec-7] o.s.w.f.CommonsRequestLoggingFilter      : Before request [GET /img/ic_pause.png, client=0:0:0:0:0:0:0:1, session=b3da7ebe-dfc2-4521-9a43-96de561bcd24, user=mat.niedbal@gmail.com]
2020-10-03 01:04:05.112 DEBUG 4656 --- [http-nio-8080-exec-7] o.s.web.servlet.DispatcherServlet        : GET "/img/ic_pause.png", parameters={}
2020-10-03 01:04:05.113 DEBUG 4656 --- [http-nio-8080-exec-7] o.s.w.s.handler.SimpleUrlHandlerMapping  : Mapped to ResourceHttpRequestHandler ["classpath:/META-INF/resources/", "classpath:/resources/", "classpath:/static/", "classpath:/public/", "/"]
2020-10-03 01:04:05.114 DEBUG 4656 --- [http-nio-8080-exec-8] o.s.w.f.CommonsRequestLoggingFilter      : Before request [GET /img/ic_volume_up.png, client=0:0:0:0:0:0:0:1, session=b3da7ebe-dfc2-4521-9a43-96de561bcd24, user=mat.niedbal@gmail.com]
2020-10-03 01:04:05.114 DEBUG 4656 --- [http-nio-8080-exec-8] o.s.web.servlet.DispatcherServlet        : GET "/img/ic_volume_up.png", parameters={}
2020-10-03 01:04:05.115 DEBUG 4656 --- [http-nio-8080-exec-8] o.s.w.s.handler.SimpleUrlHandlerMapping  : Mapped to ResourceHttpRequestHandler ["classpath:/META-INF/resources/", "classpath:/resources/", "classpath:/static/", "classpath:/public/", "/"]
2020-10-03 01:04:05.123 DEBUG 4656 --- [http-nio-8080-exec-9] o.s.w.f.CommonsRequestLoggingFilter      : Before request [GET /img/ic_volume_down.png, client=0:0:0:0:0:0:0:1, session=b3da7ebe-dfc2-4521-9a43-96de561bcd24, user=mat.niedbal@gmail.com]
2020-10-03 01:04:05.124 DEBUG 4656 --- [http-nio-8080-exec-9] o.s.web.servlet.DispatcherServlet        : GET "/img/ic_volume_down.png", parameters={}
2020-10-03 01:04:05.124 DEBUG 4656 --- [http-nio-8080-exec-6] o.s.web.servlet.DispatcherServlet        : Completed 200 OK
2020-10-03 01:04:05.124 DEBUG 4656 --- [http-nio-8080-exec-6] o.s.w.f.CommonsRequestLoggingFilter      : After request [GET /img/ic_play_arrow.png, client=0:0:0:0:0:0:0:1, session=b3da7ebe-dfc2-4521-9a43-96de561bcd24, user=mat.niedbal@gmail.com]
2020-10-03 01:04:05.125 DEBUG 4656 --- [http-nio-8080-exec-9] o.s.w.s.handler.SimpleUrlHandlerMapping  : Mapped to ResourceHttpRequestHandler ["classpath:/META-INF/resources/", "classpath:/resources/", "classpath:/static/", "classpath:/public/", "/"]
2020-10-03 01:04:05.127 DEBUG 4656 --- [http-nio-8080-exec-5] o.s.web.servlet.DispatcherServlet        : Completed 200 OK
2020-10-03 01:04:05.127 DEBUG 4656 --- [http-nio-8080-exec-5] o.s.w.f.CommonsRequestLoggingFilter      : After request [GET /img/ic_shopping_cart.png, client=0:0:0:0:0:0:0:1, session=b3da7ebe-dfc2-4521-9a43-96de561bcd24, user=mat.niedbal@gmail.com]
2020-10-03 01:04:05.131 DEBUG 4656 --- [http-nio-8080-exec-7] o.s.web.servlet.DispatcherServlet        : Completed 200 OK
2020-10-03 01:04:05.131 DEBUG 4656 --- [http-nio-8080-exec-7] o.s.w.f.CommonsRequestLoggingFilter      : After request [GET /img/ic_pause.png, client=0:0:0:0:0:0:0:1, session=b3da7ebe-dfc2-4521-9a43-96de561bcd24, user=mat.niedbal@gmail.com]
2020-10-03 01:04:05.135 DEBUG 4656 --- [http-nio-8080-exec-8] o.s.web.servlet.DispatcherServlet        : Completed 200 OK
2020-10-03 01:04:05.136 DEBUG 4656 --- [http-nio-8080-exec-8] o.s.w.f.CommonsRequestLoggingFilter      : After request [GET /img/ic_volume_up.png, client=0:0:0:0:0:0:0:1, session=b3da7ebe-dfc2-4521-9a43-96de561bcd24, user=mat.niedbal@gmail.com]
2020-10-03 01:04:05.140 DEBUG 4656 --- [http-nio-8080-exec-9] o.s.web.servlet.DispatcherServlet        : Completed 200 OK
2020-10-03 01:04:05.140 DEBUG 4656 --- [http-nio-8080-exec-9] o.s.w.f.CommonsRequestLoggingFilter      : After request [GET /img/ic_volume_down.png, client=0:0:0:0:0:0:0:1, session=b3da7ebe-dfc2-4521-9a43-96de561bcd24, user=mat.niedbal@gmail.com]
2020-10-03 01:04:05.161 DEBUG 4656 --- [http-nio-8080-exec-10] o.s.w.f.CommonsRequestLoggingFilter      : Before request [GET /img/background.jpg, client=0:0:0:0:0:0:0:1, session=b3da7ebe-dfc2-4521-9a43-96de561bcd24, user=mat.niedbal@gmail.com]
2020-10-03 01:04:05.161 DEBUG 4656 --- [http-nio-8080-exec-10] o.s.web.servlet.DispatcherServlet        : GET "/img/background.jpg", parameters={}
2020-10-03 01:04:05.163 DEBUG 4656 --- [http-nio-8080-exec-10] o.s.w.s.handler.SimpleUrlHandlerMapping  : Mapped to ResourceHttpRequestHandler ["classpath:/META-INF/resources/", "classpath:/resources/", "classpath:/static/", "classpath:/public/", "/"]
2020-10-03 01:04:05.170 DEBUG 4656 --- [http-nio-8080-exec-1] o.s.w.f.CommonsRequestLoggingFilter      : Before request [GET /sound/music1.mp3, client=0:0:0:0:0:0:0:1, session=b3da7ebe-dfc2-4521-9a43-96de561bcd24, user=mat.niedbal@gmail.com]
2020-10-03 01:04:05.170 DEBUG 4656 --- [http-nio-8080-exec-1] o.s.web.servlet.DispatcherServlet        : GET "/sound/music1.mp3", parameters={}
2020-10-03 01:04:05.171 DEBUG 4656 --- [http-nio-8080-exec-1] o.s.w.s.handler.SimpleUrlHandlerMapping  : Mapped to ResourceHttpRequestHandler ["classpath:/META-INF/resources/", "classpath:/resources/", "classpath:/static/", "classpath:/public/", "/"]
2020-10-03 01:04:05.180 DEBUG 4656 --- [http-nio-8080-exec-10] o.s.web.servlet.DispatcherServlet        : Completed 200 OK
2020-10-03 01:04:05.180 DEBUG 4656 --- [http-nio-8080-exec-10] o.s.w.f.CommonsRequestLoggingFilter      : After request [GET /img/background.jpg, client=0:0:0:0:0:0:0:1, session=b3da7ebe-dfc2-4521-9a43-96de561bcd24, user=mat.niedbal@gmail.com]
2020-10-03 01:04:05.294 DEBUG 4656 --- [http-nio-8080-exec-1] o.s.web.servlet.DispatcherServlet        : Failed to complete request: org.apache.catalina.connector.ClientAbortException: java.io.IOException: Nawiązane połączenie zostało przerwane przez oprogramowanie zainstalowane w komputerze-hoście
2020-10-03 01:04:05.295 DEBUG 4656 --- [http-nio-8080-exec-1] o.s.w.f.CommonsRequestLoggingFilter      : After request [GET /sound/music1.mp3, client=0:0:0:0:0:0:0:1, session=b3da7ebe-dfc2-4521-9a43-96de561bcd24, user=mat.niedbal@gmail.com]
2020-10-03 01:04:07.012 DEBUG 4656 --- [http-nio-8080-exec-2] o.s.w.f.CommonsRequestLoggingFilter      : Before request [GET /graphics, client=0:0:0:0:0:0:0:1, session=b3da7ebe-dfc2-4521-9a43-96de561bcd24, user=mat.niedbal@gmail.com]
2020-10-03 01:04:07.013 DEBUG 4656 --- [http-nio-8080-exec-2] o.s.web.servlet.DispatcherServlet        : GET "/graphics", parameters={}
2020-10-03 01:04:07.013 DEBUG 4656 --- [http-nio-8080-exec-2] s.w.s.m.m.a.RequestMappingHandlerMapping : Mapped to eu.mrndesign.matned.portfolioapp.controller.GraphicsController#getGraphics(Model)
2020-10-03 01:04:07.051 DEBUG 4656 --- [http-nio-8080-exec-2] o.s.w.s.v.ContentNegotiatingViewResolver : Selected 'text/html' given [text/html, application/xhtml+xml, image/avif, image/webp, image/apng, application/xml;q=0.9, application/signed-exchange;v=b3;q=0.9, */*;q=0.8]
2020-10-03 01:04:07.107 DEBUG 4656 --- [http-nio-8080-exec-2] o.s.web.servlet.DispatcherServlet        : Completed 200 OK
2020-10-03 01:04:07.107 DEBUG 4656 --- [http-nio-8080-exec-2] o.s.w.f.CommonsRequestLoggingFilter      : After request [GET /graphics, client=0:0:0:0:0:0:0:1, session=b3da7ebe-dfc2-4521-9a43-96de561bcd24, user=mat.niedbal@gmail.com]
2020-10-03 01:04:07.129 DEBUG 4656 --- [http-nio-8080-exec-3] o.s.w.f.CommonsRequestLoggingFilter      : Before request [GET /css/menu.css, client=0:0:0:0:0:0:0:1, session=b3da7ebe-dfc2-4521-9a43-96de561bcd24, user=mat.niedbal@gmail.com]
2020-10-03 01:04:07.130 DEBUG 4656 --- [http-nio-8080-exec-3] o.s.web.servlet.DispatcherServlet        : GET "/css/menu.css", parameters={}
2020-10-03 01:04:07.131 DEBUG 4656 --- [http-nio-8080-exec-3] o.s.w.s.handler.SimpleUrlHandlerMapping  : Mapped to ResourceHttpRequestHandler ["classpath:/META-INF/resources/", "classpath:/resources/", "classpath:/static/", "classpath:/public/", "/"]
2020-10-03 01:04:07.131 DEBUG 4656 --- [http-nio-8080-exec-4] o.s.w.f.CommonsRequestLoggingFilter      : Before request [GET /css/footer.css, client=0:0:0:0:0:0:0:1, session=b3da7ebe-dfc2-4521-9a43-96de561bcd24, user=mat.niedbal@gmail.com]
2020-10-03 01:04:07.131 DEBUG 4656 --- [http-nio-8080-exec-6] o.s.w.f.CommonsRequestLoggingFilter      : Before request [GET /css/main.css, client=0:0:0:0:0:0:0:1, session=b3da7ebe-dfc2-4521-9a43-96de561bcd24, user=mat.niedbal@gmail.com]
2020-10-03 01:04:07.131 DEBUG 4656 --- [http-nio-8080-exec-4] o.s.web.servlet.DispatcherServlet        : GET "/css/footer.css", parameters={}
2020-10-03 01:04:07.131 DEBUG 4656 --- [http-nio-8080-exec-6] o.s.web.servlet.DispatcherServlet        : GET "/css/main.css", parameters={}
2020-10-03 01:04:07.132 DEBUG 4656 --- [http-nio-8080-exec-6] o.s.w.s.handler.SimpleUrlHandlerMapping  : Mapped to ResourceHttpRequestHandler ["classpath:/META-INF/resources/", "classpath:/resources/", "classpath:/static/", "classpath:/public/", "/"]
2020-10-03 01:04:07.132 DEBUG 4656 --- [http-nio-8080-exec-4] o.s.w.s.handler.SimpleUrlHandlerMapping  : Mapped to ResourceHttpRequestHandler ["classpath:/META-INF/resources/", "classpath:/resources/", "classpath:/static/", "classpath:/public/", "/"]
2020-10-03 01:04:07.133 DEBUG 4656 --- [http-nio-8080-exec-5] o.s.w.f.CommonsRequestLoggingFilter      : Before request [GET /css/flying-object.css, client=0:0:0:0:0:0:0:1, session=b3da7ebe-dfc2-4521-9a43-96de561bcd24, user=mat.niedbal@gmail.com]
2020-10-03 01:04:07.134 DEBUG 4656 --- [http-nio-8080-exec-5] o.s.web.servlet.DispatcherServlet        : GET "/css/flying-object.css", parameters={}
2020-10-03 01:04:07.134 DEBUG 4656 --- [http-nio-8080-exec-5] o.s.w.s.handler.SimpleUrlHandlerMapping  : Mapped to ResourceHttpRequestHandler ["classpath:/META-INF/resources/", "classpath:/resources/", "classpath:/static/", "classpath:/public/", "/"]
2020-10-03 01:04:07.144 DEBUG 4656 --- [http-nio-8080-exec-3] o.s.web.servlet.DispatcherServlet        : Completed 200 OK
2020-10-03 01:04:07.144 DEBUG 4656 --- [http-nio-8080-exec-3] o.s.w.f.CommonsRequestLoggingFilter      : After request [GET /css/menu.css, client=0:0:0:0:0:0:0:1, session=b3da7ebe-dfc2-4521-9a43-96de561bcd24, user=mat.niedbal@gmail.com]
2020-10-03 01:04:07.147 DEBUG 4656 --- [http-nio-8080-exec-6] o.s.web.servlet.DispatcherServlet        : Completed 200 OK
2020-10-03 01:04:07.147 DEBUG 4656 --- [http-nio-8080-exec-4] o.s.web.servlet.DispatcherServlet        : Completed 200 OK
2020-10-03 01:04:07.147 DEBUG 4656 --- [http-nio-8080-exec-6] o.s.w.f.CommonsRequestLoggingFilter      : After request [GET /css/main.css, client=0:0:0:0:0:0:0:1, session=b3da7ebe-dfc2-4521-9a43-96de561bcd24, user=mat.niedbal@gmail.com]
2020-10-03 01:04:07.148 DEBUG 4656 --- [http-nio-8080-exec-4] o.s.w.f.CommonsRequestLoggingFilter      : After request [GET /css/footer.css, client=0:0:0:0:0:0:0:1, session=b3da7ebe-dfc2-4521-9a43-96de561bcd24, user=mat.niedbal@gmail.com]
2020-10-03 01:04:07.150 DEBUG 4656 --- [http-nio-8080-exec-5] o.s.web.servlet.DispatcherServlet        : Completed 200 OK
2020-10-03 01:04:07.151 DEBUG 4656 --- [http-nio-8080-exec-5] o.s.w.f.CommonsRequestLoggingFilter      : After request [GET /css/flying-object.css, client=0:0:0:0:0:0:0:1, session=b3da7ebe-dfc2-4521-9a43-96de561bcd24, user=mat.niedbal@gmail.com]
2020-10-03 01:04:07.185 DEBUG 4656 --- [http-nio-8080-exec-7] o.s.w.f.CommonsRequestLoggingFilter      : Before request [GET /img/ic_shopping_cart.png, client=0:0:0:0:0:0:0:1, session=b3da7ebe-dfc2-4521-9a43-96de561bcd24, user=mat.niedbal@gmail.com]
2020-10-03 01:04:07.186 DEBUG 4656 --- [http-nio-8080-exec-8] o.s.w.f.CommonsRequestLoggingFilter      : Before request [GET /img/ic_play_arrow.png, client=0:0:0:0:0:0:0:1, session=b3da7ebe-dfc2-4521-9a43-96de561bcd24, user=mat.niedbal@gmail.com]
2020-10-03 01:04:07.186 DEBUG 4656 --- [http-nio-8080-exec-7] o.s.web.servlet.DispatcherServlet        : GET "/img/ic_shopping_cart.png", parameters={}
2020-10-03 01:04:07.186 DEBUG 4656 --- [http-nio-8080-exec-8] o.s.web.servlet.DispatcherServlet        : GET "/img/ic_play_arrow.png", parameters={}
2020-10-03 01:04:07.187 DEBUG 4656 --- [http-nio-8080-exec-8] o.s.w.s.handler.SimpleUrlHandlerMapping  : Mapped to ResourceHttpRequestHandler ["classpath:/META-INF/resources/", "classpath:/resources/", "classpath:/static/", "classpath:/public/", "/"]
2020-10-03 01:04:07.187 DEBUG 4656 --- [http-nio-8080-exec-7] o.s.w.s.handler.SimpleUrlHandlerMapping  : Mapped to ResourceHttpRequestHandler ["classpath:/META-INF/resources/", "classpath:/resources/", "classpath:/static/", "classpath:/public/", "/"]
2020-10-03 01:04:07.197 DEBUG 4656 --- [http-nio-8080-exec-9] o.s.w.f.CommonsRequestLoggingFilter      : Before request [GET /img/ic_pause.png, client=0:0:0:0:0:0:0:1, session=b3da7ebe-dfc2-4521-9a43-96de561bcd24, user=mat.niedbal@gmail.com]
2020-10-03 01:04:07.197 DEBUG 4656 --- [http-nio-8080-exec-9] o.s.web.servlet.DispatcherServlet        : GET "/img/ic_pause.png", parameters={}
2020-10-03 01:04:07.198 DEBUG 4656 --- [http-nio-8080-exec-10] o.s.w.f.CommonsRequestLoggingFilter      : Before request [GET /img/ic_volume_up.png, client=0:0:0:0:0:0:0:1, session=b3da7ebe-dfc2-4521-9a43-96de561bcd24, user=mat.niedbal@gmail.com]
2020-10-03 01:04:07.198 DEBUG 4656 --- [http-nio-8080-exec-9] o.s.w.s.handler.SimpleUrlHandlerMapping  : Mapped to ResourceHttpRequestHandler ["classpath:/META-INF/resources/", "classpath:/resources/", "classpath:/static/", "classpath:/public/", "/"]
2020-10-03 01:04:07.198 DEBUG 4656 --- [http-nio-8080-exec-10] o.s.web.servlet.DispatcherServlet        : GET "/img/ic_volume_up.png", parameters={}
2020-10-03 01:04:07.199 DEBUG 4656 --- [http-nio-8080-exec-10] o.s.w.s.handler.SimpleUrlHandlerMapping  : Mapped to ResourceHttpRequestHandler ["classpath:/META-INF/resources/", "classpath:/resources/", "classpath:/static/", "classpath:/public/", "/"]
2020-10-03 01:04:07.202 DEBUG 4656 --- [http-nio-8080-exec-8] o.s.web.servlet.DispatcherServlet        : Completed 200 OK
2020-10-03 01:04:07.202 DEBUG 4656 --- [http-nio-8080-exec-8] o.s.w.f.CommonsRequestLoggingFilter      : After request [GET /img/ic_play_arrow.png, client=0:0:0:0:0:0:0:1, session=b3da7ebe-dfc2-4521-9a43-96de561bcd24, user=mat.niedbal@gmail.com]
2020-10-03 01:04:07.205 DEBUG 4656 --- [http-nio-8080-exec-1] o.s.w.f.CommonsRequestLoggingFilter      : Before request [GET /img/ic_volume_down.png, client=0:0:0:0:0:0:0:1, session=b3da7ebe-dfc2-4521-9a43-96de561bcd24, user=mat.niedbal@gmail.com]
2020-10-03 01:04:07.205 DEBUG 4656 --- [http-nio-8080-exec-1] o.s.web.servlet.DispatcherServlet        : GET "/img/ic_volume_down.png", parameters={}
2020-10-03 01:04:07.206 DEBUG 4656 --- [http-nio-8080-exec-1] o.s.w.s.handler.SimpleUrlHandlerMapping  : Mapped to ResourceHttpRequestHandler ["classpath:/META-INF/resources/", "classpath:/resources/", "classpath:/static/", "classpath:/public/", "/"]
2020-10-03 01:04:07.210 DEBUG 4656 --- [http-nio-8080-exec-7] o.s.web.servlet.DispatcherServlet        : Completed 200 OK
2020-10-03 01:04:07.211 DEBUG 4656 --- [http-nio-8080-exec-7] o.s.w.f.CommonsRequestLoggingFilter      : After request [GET /img/ic_shopping_cart.png, client=0:0:0:0:0:0:0:1, session=b3da7ebe-dfc2-4521-9a43-96de561bcd24, user=mat.niedbal@gmail.com]
2020-10-03 01:04:07.213 DEBUG 4656 --- [http-nio-8080-exec-8] o.s.w.f.CommonsRequestLoggingFilter      : Before request [GET /img/content/Mist%201S.jpg, client=0:0:0:0:0:0:0:1, session=b3da7ebe-dfc2-4521-9a43-96de561bcd24, user=mat.niedbal@gmail.com]
2020-10-03 01:04:07.213 DEBUG 4656 --- [http-nio-8080-exec-8] o.s.web.servlet.DispatcherServlet        : GET "/img/content/Mist%201S.jpg", parameters={}
2020-10-03 01:04:07.214 DEBUG 4656 --- [http-nio-8080-exec-8] o.s.w.s.handler.SimpleUrlHandlerMapping  : Mapped to ResourceHttpRequestHandler ["classpath:/META-INF/resources/", "classpath:/resources/", "classpath:/static/", "classpath:/public/", "/"]
2020-10-03 01:04:07.215 DEBUG 4656 --- [http-nio-8080-exec-9] o.s.web.servlet.DispatcherServlet        : Completed 200 OK
2020-10-03 01:04:07.215 DEBUG 4656 --- [http-nio-8080-exec-2] o.s.w.f.CommonsRequestLoggingFilter      : Before request [GET /img/content/Mist%202S.jpg, client=0:0:0:0:0:0:0:1, session=b3da7ebe-dfc2-4521-9a43-96de561bcd24, user=mat.niedbal@gmail.com]
2020-10-03 01:04:07.215 DEBUG 4656 --- [http-nio-8080-exec-9] o.s.w.f.CommonsRequestLoggingFilter      : After request [GET /img/ic_pause.png, client=0:0:0:0:0:0:0:1, session=b3da7ebe-dfc2-4521-9a43-96de561bcd24, user=mat.niedbal@gmail.com]
2020-10-03 01:04:07.215 DEBUG 4656 --- [http-nio-8080-exec-2] o.s.web.servlet.DispatcherServlet        : GET "/img/content/Mist%202S.jpg", parameters={}
2020-10-03 01:04:07.216 DEBUG 4656 --- [http-nio-8080-exec-2] o.s.w.s.handler.SimpleUrlHandlerMapping  : Mapped to ResourceHttpRequestHandler ["classpath:/META-INF/resources/", "classpath:/resources/", "classpath:/static/", "classpath:/public/", "/"]
2020-10-03 01:04:07.216 DEBUG 4656 --- [http-nio-8080-exec-10] o.s.web.servlet.DispatcherServlet        : Completed 200 OK
2020-10-03 01:04:07.216 DEBUG 4656 --- [http-nio-8080-exec-10] o.s.w.f.CommonsRequestLoggingFilter      : After request [GET /img/ic_volume_up.png, client=0:0:0:0:0:0:0:1, session=b3da7ebe-dfc2-4521-9a43-96de561bcd24, user=mat.niedbal@gmail.com]
2020-10-03 01:04:07.221 DEBUG 4656 --- [http-nio-8080-exec-1] o.s.web.servlet.DispatcherServlet        : Completed 200 OK
2020-10-03 01:04:07.222 DEBUG 4656 --- [http-nio-8080-exec-1] o.s.w.f.CommonsRequestLoggingFilter      : After request [GET /img/ic_volume_down.png, client=0:0:0:0:0:0:0:1, session=b3da7ebe-dfc2-4521-9a43-96de561bcd24, user=mat.niedbal@gmail.com]
2020-10-03 01:04:07.223 DEBUG 4656 --- [http-nio-8080-exec-3] o.s.w.f.CommonsRequestLoggingFilter      : Before request [GET /img/content/Mist%203S.jpg, client=0:0:0:0:0:0:0:1, session=b3da7ebe-dfc2-4521-9a43-96de561bcd24, user=mat.niedbal@gmail.com]
2020-10-03 01:04:07.223 DEBUG 4656 --- [http-nio-8080-exec-3] o.s.web.servlet.DispatcherServlet        : GET "/img/content/Mist%203S.jpg", parameters={}
2020-10-03 01:04:07.224 DEBUG 4656 --- [http-nio-8080-exec-3] o.s.w.s.handler.SimpleUrlHandlerMapping  : Mapped to ResourceHttpRequestHandler ["classpath:/META-INF/resources/", "classpath:/resources/", "classpath:/static/", "classpath:/public/", "/"]
2020-10-03 01:04:07.230 DEBUG 4656 --- [http-nio-8080-exec-4] o.s.w.f.CommonsRequestLoggingFilter      : Before request [GET /img/content/Mist%205S.jpg, client=0:0:0:0:0:0:0:1, session=b3da7ebe-dfc2-4521-9a43-96de561bcd24, user=mat.niedbal@gmail.com]
2020-10-03 01:04:07.230 DEBUG 4656 --- [http-nio-8080-exec-1] o.s.w.f.CommonsRequestLoggingFilter      : Before request [GET /img/content/Mist%204S.jpg, client=0:0:0:0:0:0:0:1, session=b3da7ebe-dfc2-4521-9a43-96de561bcd24, user=mat.niedbal@gmail.com]
2020-10-03 01:04:07.230 DEBUG 4656 --- [http-nio-8080-exec-4] o.s.web.servlet.DispatcherServlet        : GET "/img/content/Mist%205S.jpg", parameters={}
2020-10-03 01:04:07.230 DEBUG 4656 --- [http-nio-8080-exec-1] o.s.web.servlet.DispatcherServlet        : GET "/img/content/Mist%204S.jpg", parameters={}
2020-10-03 01:04:07.231 DEBUG 4656 --- [http-nio-8080-exec-2] o.s.web.servlet.DispatcherServlet        : Completed 200 OK
2020-10-03 01:04:07.231 DEBUG 4656 --- [http-nio-8080-exec-2] o.s.w.f.CommonsRequestLoggingFilter      : After request [GET /img/content/Mist%202S.jpg, client=0:0:0:0:0:0:0:1, session=b3da7ebe-dfc2-4521-9a43-96de561bcd24, user=mat.niedbal@gmail.com]
2020-10-03 01:04:07.231 DEBUG 4656 --- [http-nio-8080-exec-4] o.s.w.s.handler.SimpleUrlHandlerMapping  : Mapped to ResourceHttpRequestHandler ["classpath:/META-INF/resources/", "classpath:/resources/", "classpath:/static/", "classpath:/public/", "/"]
2020-10-03 01:04:07.231 DEBUG 4656 --- [http-nio-8080-exec-1] o.s.w.s.handler.SimpleUrlHandlerMapping  : Mapped to ResourceHttpRequestHandler ["classpath:/META-INF/resources/", "classpath:/resources/", "classpath:/static/", "classpath:/public/", "/"]
2020-10-03 01:04:07.232 DEBUG 4656 --- [http-nio-8080-exec-6] o.s.w.f.CommonsRequestLoggingFilter      : Before request [GET /img/content/Mist%206S.jpg, client=0:0:0:0:0:0:0:1, session=b3da7ebe-dfc2-4521-9a43-96de561bcd24, user=mat.niedbal@gmail.com]
2020-10-03 01:04:07.233 DEBUG 4656 --- [http-nio-8080-exec-6] o.s.web.servlet.DispatcherServlet        : GET "/img/content/Mist%206S.jpg", parameters={}
2020-10-03 01:04:07.233 DEBUG 4656 --- [http-nio-8080-exec-6] o.s.w.s.handler.SimpleUrlHandlerMapping  : Mapped to ResourceHttpRequestHandler ["classpath:/META-INF/resources/", "classpath:/resources/", "classpath:/static/", "classpath:/public/", "/"]
2020-10-03 01:04:07.235 DEBUG 4656 --- [http-nio-8080-exec-8] o.s.web.servlet.DispatcherServlet        : Completed 200 OK
2020-10-03 01:04:07.236 DEBUG 4656 --- [http-nio-8080-exec-8] o.s.w.f.CommonsRequestLoggingFilter      : After request [GET /img/content/Mist%201S.jpg, client=0:0:0:0:0:0:0:1, session=b3da7ebe-dfc2-4521-9a43-96de561bcd24, user=mat.niedbal@gmail.com]
2020-10-03 01:04:07.247 DEBUG 4656 --- [http-nio-8080-exec-8] o.s.w.f.CommonsRequestLoggingFilter      : Before request [GET /img/content/Mist%207S.jpg, client=0:0:0:0:0:0:0:1, session=b3da7ebe-dfc2-4521-9a43-96de561bcd24, user=mat.niedbal@gmail.com]
2020-10-03 01:04:07.247 DEBUG 4656 --- [http-nio-8080-exec-8] o.s.web.servlet.DispatcherServlet        : GET "/img/content/Mist%207S.jpg", parameters={}
2020-10-03 01:04:07.247 DEBUG 4656 --- [http-nio-8080-exec-3] o.s.web.servlet.DispatcherServlet        : Completed 200 OK
2020-10-03 01:04:07.247 DEBUG 4656 --- [http-nio-8080-exec-3] o.s.w.f.CommonsRequestLoggingFilter      : After request [GET /img/content/Mist%203S.jpg, client=0:0:0:0:0:0:0:1, session=b3da7ebe-dfc2-4521-9a43-96de561bcd24, user=mat.niedbal@gmail.com]
2020-10-03 01:04:07.247 DEBUG 4656 --- [http-nio-8080-exec-1] o.s.web.servlet.DispatcherServlet        : Completed 200 OK
2020-10-03 01:04:07.247 DEBUG 4656 --- [http-nio-8080-exec-1] o.s.w.f.CommonsRequestLoggingFilter      : After request [GET /img/content/Mist%204S.jpg, client=0:0:0:0:0:0:0:1, session=b3da7ebe-dfc2-4521-9a43-96de561bcd24, user=mat.niedbal@gmail.com]
2020-10-03 01:04:07.248 DEBUG 4656 --- [http-nio-8080-exec-8] o.s.w.s.handler.SimpleUrlHandlerMapping  : Mapped to ResourceHttpRequestHandler ["classpath:/META-INF/resources/", "classpath:/resources/", "classpath:/static/", "classpath:/public/", "/"]
2020-10-03 01:04:07.252 DEBUG 4656 --- [http-nio-8080-exec-5] o.s.w.f.CommonsRequestLoggingFilter      : Before request [GET /img/content/Mist%208S.jpg, client=0:0:0:0:0:0:0:1, session=b3da7ebe-dfc2-4521-9a43-96de561bcd24, user=mat.niedbal@gmail.com]
2020-10-03 01:04:07.252 DEBUG 4656 --- [http-nio-8080-exec-5] o.s.web.servlet.DispatcherServlet        : GET "/img/content/Mist%208S.jpg", parameters={}
2020-10-03 01:04:07.253 DEBUG 4656 --- [http-nio-8080-exec-5] o.s.w.s.handler.SimpleUrlHandlerMapping  : Mapped to ResourceHttpRequestHandler ["classpath:/META-INF/resources/", "classpath:/resources/", "classpath:/static/", "classpath:/public/", "/"]
2020-10-03 01:04:07.260 DEBUG 4656 --- [http-nio-8080-exec-7] o.s.w.f.CommonsRequestLoggingFilter      : Before request [GET /img/content/Mist%209S.jpg, client=0:0:0:0:0:0:0:1, session=b3da7ebe-dfc2-4521-9a43-96de561bcd24, user=mat.niedbal@gmail.com]
2020-10-03 01:04:07.260 DEBUG 4656 --- [http-nio-8080-exec-7] o.s.web.servlet.DispatcherServlet        : GET "/img/content/Mist%209S.jpg", parameters={}
2020-10-03 01:04:07.261 DEBUG 4656 --- [http-nio-8080-exec-7] o.s.w.s.handler.SimpleUrlHandlerMapping  : Mapped to ResourceHttpRequestHandler ["classpath:/META-INF/resources/", "classpath:/resources/", "classpath:/static/", "classpath:/public/", "/"]
2020-10-03 01:04:07.262 DEBUG 4656 --- [http-nio-8080-exec-6] o.s.web.servlet.DispatcherServlet        : Completed 200 OK
2020-10-03 01:04:07.263 DEBUG 4656 --- [http-nio-8080-exec-9] o.s.w.f.CommonsRequestLoggingFilter      : Before request [GET /img/content/Mist%2010S.jpg, client=0:0:0:0:0:0:0:1, session=b3da7ebe-dfc2-4521-9a43-96de561bcd24, user=mat.niedbal@gmail.com]
2020-10-03 01:04:07.263 DEBUG 4656 --- [http-nio-8080-exec-6] o.s.w.f.CommonsRequestLoggingFilter      : After request [GET /img/content/Mist%206S.jpg, client=0:0:0:0:0:0:0:1, session=b3da7ebe-dfc2-4521-9a43-96de561bcd24, user=mat.niedbal@gmail.com]
2020-10-03 01:04:07.263 DEBUG 4656 --- [http-nio-8080-exec-9] o.s.web.servlet.DispatcherServlet        : GET "/img/content/Mist%2010S.jpg", parameters={}
2020-10-03 01:04:07.263 DEBUG 4656 --- [http-nio-8080-exec-9] o.s.w.s.handler.SimpleUrlHandlerMapping  : Mapped to ResourceHttpRequestHandler ["classpath:/META-INF/resources/", "classpath:/resources/", "classpath:/static/", "classpath:/public/", "/"]
2020-10-03 01:04:07.268 DEBUG 4656 --- [http-nio-8080-exec-4] o.s.web.servlet.DispatcherServlet        : Completed 200 OK
2020-10-03 01:04:07.268 DEBUG 4656 --- [http-nio-8080-exec-4] o.s.w.f.CommonsRequestLoggingFilter      : After request [GET /img/content/Mist%205S.jpg, client=0:0:0:0:0:0:0:1, session=b3da7ebe-dfc2-4521-9a43-96de561bcd24, user=mat.niedbal@gmail.com]
2020-10-03 01:04:07.271 DEBUG 4656 --- [http-nio-8080-exec-6] o.s.w.f.CommonsRequestLoggingFilter      : Before request [GET /img/content/Mist%2011S.jpg, client=0:0:0:0:0:0:0:1, session=b3da7ebe-dfc2-4521-9a43-96de561bcd24, user=mat.niedbal@gmail.com]
2020-10-03 01:04:07.271 DEBUG 4656 --- [http-nio-8080-exec-6] o.s.web.servlet.DispatcherServlet        : GET "/img/content/Mist%2011S.jpg", parameters={}
2020-10-03 01:04:07.272 DEBUG 4656 --- [http-nio-8080-exec-6] o.s.w.s.handler.SimpleUrlHandlerMapping  : Mapped to ResourceHttpRequestHandler ["classpath:/META-INF/resources/", "classpath:/resources/", "classpath:/static/", "classpath:/public/", "/"]
2020-10-03 01:04:07.274 DEBUG 4656 --- [http-nio-8080-exec-8] o.s.web.servlet.DispatcherServlet        : Completed 200 OK
2020-10-03 01:04:07.275 DEBUG 4656 --- [http-nio-8080-exec-8] o.s.w.f.CommonsRequestLoggingFilter      : After request [GET /img/content/Mist%207S.jpg, client=0:0:0:0:0:0:0:1, session=b3da7ebe-dfc2-4521-9a43-96de561bcd24, user=mat.niedbal@gmail.com]
2020-10-03 01:04:07.279 DEBUG 4656 --- [http-nio-8080-exec-10] o.s.w.f.CommonsRequestLoggingFilter      : Before request [GET /img/content/Mist%2012S.jpg, client=0:0:0:0:0:0:0:1, session=b3da7ebe-dfc2-4521-9a43-96de561bcd24, user=mat.niedbal@gmail.com]
2020-10-03 01:04:07.279 DEBUG 4656 --- [http-nio-8080-exec-10] o.s.web.servlet.DispatcherServlet        : GET "/img/content/Mist%2012S.jpg", parameters={}
2020-10-03 01:04:07.280 DEBUG 4656 --- [http-nio-8080-exec-10] o.s.w.s.handler.SimpleUrlHandlerMapping  : Mapped to ResourceHttpRequestHandler ["classpath:/META-INF/resources/", "classpath:/resources/", "classpath:/static/", "classpath:/public/", "/"]
2020-10-03 01:04:07.282 DEBUG 4656 --- [http-nio-8080-exec-5] o.s.web.servlet.DispatcherServlet        : Completed 200 OK
2020-10-03 01:04:07.282 DEBUG 4656 --- [http-nio-8080-exec-5] o.s.w.f.CommonsRequestLoggingFilter      : After request [GET /img/content/Mist%208S.jpg, client=0:0:0:0:0:0:0:1, session=b3da7ebe-dfc2-4521-9a43-96de561bcd24, user=mat.niedbal@gmail.com]
2020-10-03 01:04:07.283 DEBUG 4656 --- [http-nio-8080-exec-8] o.s.w.f.CommonsRequestLoggingFilter      : Before request [GET /img/content/Mist%2013S.jpg, client=0:0:0:0:0:0:0:1, session=b3da7ebe-dfc2-4521-9a43-96de561bcd24, user=mat.niedbal@gmail.com]
2020-10-03 01:04:07.283 DEBUG 4656 --- [http-nio-8080-exec-8] o.s.web.servlet.DispatcherServlet        : GET "/img/content/Mist%2013S.jpg", parameters={}
2020-10-03 01:04:07.284 DEBUG 4656 --- [http-nio-8080-exec-8] o.s.w.s.handler.SimpleUrlHandlerMapping  : Mapped to ResourceHttpRequestHandler ["classpath:/META-INF/resources/", "classpath:/resources/", "classpath:/static/", "classpath:/public/", "/"]
2020-10-03 01:04:07.290 DEBUG 4656 --- [http-nio-8080-exec-7] o.s.web.servlet.DispatcherServlet        : Completed 200 OK
2020-10-03 01:04:07.290 DEBUG 4656 --- [http-nio-8080-exec-7] o.s.w.f.CommonsRequestLoggingFilter      : After request [GET /img/content/Mist%209S.jpg, client=0:0:0:0:0:0:0:1, session=b3da7ebe-dfc2-4521-9a43-96de561bcd24, user=mat.niedbal@gmail.com]
2020-10-03 01:04:07.293 DEBUG 4656 --- [http-nio-8080-exec-2] o.s.w.f.CommonsRequestLoggingFilter      : Before request [GET /img/content/Mist%2014S.jpg, client=0:0:0:0:0:0:0:1, session=b3da7ebe-dfc2-4521-9a43-96de561bcd24, user=mat.niedbal@gmail.com]
2020-10-03 01:04:07.293 DEBUG 4656 --- [http-nio-8080-exec-2] o.s.web.servlet.DispatcherServlet        : GET "/img/content/Mist%2014S.jpg", parameters={}
2020-10-03 01:04:07.294 DEBUG 4656 --- [http-nio-8080-exec-2] o.s.w.s.handler.SimpleUrlHandlerMapping  : Mapped to ResourceHttpRequestHandler ["classpath:/META-INF/resources/", "classpath:/resources/", "classpath:/static/", "classpath:/public/", "/"]
2020-10-03 01:04:07.295 DEBUG 4656 --- [http-nio-8080-exec-9] o.s.web.servlet.DispatcherServlet        : Completed 200 OK
2020-10-03 01:04:07.295 DEBUG 4656 --- [http-nio-8080-exec-9] o.s.w.f.CommonsRequestLoggingFilter      : After request [GET /img/content/Mist%2010S.jpg, client=0:0:0:0:0:0:0:1, session=b3da7ebe-dfc2-4521-9a43-96de561bcd24, user=mat.niedbal@gmail.com]
2020-10-03 01:04:07.298 DEBUG 4656 --- [http-nio-8080-exec-7] o.s.w.f.CommonsRequestLoggingFilter      : Before request [GET /img/content/Darvin's%20apple%20S.jpg, client=0:0:0:0:0:0:0:1, session=b3da7ebe-dfc2-4521-9a43-96de561bcd24, user=mat.niedbal@gmail.com]
2020-10-03 01:04:07.298 DEBUG 4656 --- [http-nio-8080-exec-7] o.s.web.servlet.DispatcherServlet        : GET "/img/content/Darvin's%20apple%20S.jpg", parameters={}
2020-10-03 01:04:07.299 DEBUG 4656 --- [http-nio-8080-exec-7] o.s.w.s.handler.SimpleUrlHandlerMapping  : Mapped to ResourceHttpRequestHandler ["classpath:/META-INF/resources/", "classpath:/resources/", "classpath:/static/", "classpath:/public/", "/"]
2020-10-03 01:04:07.301 DEBUG 4656 --- [http-nio-8080-exec-6] o.s.web.servlet.DispatcherServlet        : Completed 200 OK
2020-10-03 01:04:07.301 DEBUG 4656 --- [http-nio-8080-exec-6] o.s.w.f.CommonsRequestLoggingFilter      : After request [GET /img/content/Mist%2011S.jpg, client=0:0:0:0:0:0:0:1, session=b3da7ebe-dfc2-4521-9a43-96de561bcd24, user=mat.niedbal@gmail.com]
2020-10-03 01:04:07.304 DEBUG 4656 --- [http-nio-8080-exec-9] o.s.w.f.CommonsRequestLoggingFilter      : Before request [GET /img/content/accident.jpg, client=0:0:0:0:0:0:0:1, session=b3da7ebe-dfc2-4521-9a43-96de561bcd24, user=mat.niedbal@gmail.com]
2020-10-03 01:04:07.304 DEBUG 4656 --- [http-nio-8080-exec-9] o.s.web.servlet.DispatcherServlet        : GET "/img/content/accident.jpg", parameters={}
2020-10-03 01:04:07.305 DEBUG 4656 --- [http-nio-8080-exec-9] o.s.w.s.handler.SimpleUrlHandlerMapping  : Mapped to ResourceHttpRequestHandler ["classpath:/META-INF/resources/", "classpath:/resources/", "classpath:/static/", "classpath:/public/", "/"]
2020-10-03 01:04:07.309 DEBUG 4656 --- [http-nio-8080-exec-10] o.s.web.servlet.DispatcherServlet        : Completed 200 OK
2020-10-03 01:04:07.309 DEBUG 4656 --- [http-nio-8080-exec-10] o.s.w.f.CommonsRequestLoggingFilter      : After request [GET /img/content/Mist%2012S.jpg, client=0:0:0:0:0:0:0:1, session=b3da7ebe-dfc2-4521-9a43-96de561bcd24, user=mat.niedbal@gmail.com]
2020-10-03 01:04:07.310 DEBUG 4656 --- [http-nio-8080-exec-6] o.s.w.f.CommonsRequestLoggingFilter      : Before request [GET /img/content/egistence.jpg, client=0:0:0:0:0:0:0:1, session=b3da7ebe-dfc2-4521-9a43-96de561bcd24, user=mat.niedbal@gmail.com]
2020-10-03 01:04:07.310 DEBUG 4656 --- [http-nio-8080-exec-6] o.s.web.servlet.DispatcherServlet        : GET "/img/content/egistence.jpg", parameters={}
2020-10-03 01:04:07.311 DEBUG 4656 --- [http-nio-8080-exec-6] o.s.w.s.handler.SimpleUrlHandlerMapping  : Mapped to ResourceHttpRequestHandler ["classpath:/META-INF/resources/", "classpath:/resources/", "classpath:/static/", "classpath:/public/", "/"]
2020-10-03 01:04:07.313 DEBUG 4656 --- [http-nio-8080-exec-8] o.s.web.servlet.DispatcherServlet        : Completed 200 OK
2020-10-03 01:04:07.314 DEBUG 4656 --- [http-nio-8080-exec-8] o.s.w.f.CommonsRequestLoggingFilter      : After request [GET /img/content/Mist%2013S.jpg, client=0:0:0:0:0:0:0:1, session=b3da7ebe-dfc2-4521-9a43-96de561bcd24, user=mat.niedbal@gmail.com]
2020-10-03 01:04:07.319 DEBUG 4656 --- [http-nio-8080-exec-2] o.s.web.servlet.DispatcherServlet        : Completed 200 OK
2020-10-03 01:04:07.319 DEBUG 4656 --- [http-nio-8080-exec-2] o.s.w.f.CommonsRequestLoggingFilter      : After request [GET /img/content/Mist%2014S.jpg, client=0:0:0:0:0:0:0:1, session=b3da7ebe-dfc2-4521-9a43-96de561bcd24, user=mat.niedbal@gmail.com]
2020-10-03 01:04:07.321 DEBUG 4656 --- [http-nio-8080-exec-8] o.s.w.f.CommonsRequestLoggingFilter      : Before request [GET /img/content/feeding.jpg, client=0:0:0:0:0:0:0:1, session=b3da7ebe-dfc2-4521-9a43-96de561bcd24, user=mat.niedbal@gmail.com]
2020-10-03 01:04:07.322 DEBUG 4656 --- [http-nio-8080-exec-8] o.s.web.servlet.DispatcherServlet        : GET "/img/content/feeding.jpg", parameters={}
2020-10-03 01:04:07.323 DEBUG 4656 --- [http-nio-8080-exec-8] o.s.w.s.handler.SimpleUrlHandlerMapping  : Mapped to ResourceHttpRequestHandler ["classpath:/META-INF/resources/", "classpath:/resources/", "classpath:/static/", "classpath:/public/", "/"]
2020-10-03 01:04:07.325 DEBUG 4656 --- [http-nio-8080-exec-3] o.s.w.f.CommonsRequestLoggingFilter      : Before request [GET /img/content/walker.jpg, client=0:0:0:0:0:0:0:1, session=b3da7ebe-dfc2-4521-9a43-96de561bcd24, user=mat.niedbal@gmail.com]
2020-10-03 01:04:07.325 DEBUG 4656 --- [http-nio-8080-exec-3] o.s.web.servlet.DispatcherServlet        : GET "/img/content/walker.jpg", parameters={}
2020-10-03 01:04:07.326 DEBUG 4656 --- [http-nio-8080-exec-3] o.s.w.s.handler.SimpleUrlHandlerMapping  : Mapped to ResourceHttpRequestHandler ["classpath:/META-INF/resources/", "classpath:/resources/", "classpath:/static/", "classpath:/public/", "/"]
2020-10-03 01:04:07.327 DEBUG 4656 --- [http-nio-8080-exec-2] o.s.w.f.CommonsRequestLoggingFilter      : Before request [GET /img/content/greed_of_power.jpg, client=0:0:0:0:0:0:0:1, session=b3da7ebe-dfc2-4521-9a43-96de561bcd24, user=mat.niedbal@gmail.com]
2020-10-03 01:04:07.327 DEBUG 4656 --- [http-nio-8080-exec-2] o.s.web.servlet.DispatcherServlet        : GET "/img/content/greed_of_power.jpg", parameters={}
2020-10-03 01:04:07.328 DEBUG 4656 --- [http-nio-8080-exec-2] o.s.w.s.handler.SimpleUrlHandlerMapping  : Mapped to ResourceHttpRequestHandler ["classpath:/META-INF/resources/", "classpath:/resources/", "classpath:/static/", "classpath:/public/", "/"]
2020-10-03 01:04:07.330 DEBUG 4656 --- [http-nio-8080-exec-7] o.s.web.servlet.DispatcherServlet        : Completed 200 OK
2020-10-03 01:04:07.330 DEBUG 4656 --- [http-nio-8080-exec-7] o.s.w.f.CommonsRequestLoggingFilter      : After request [GET /img/content/Darvin's%20apple%20S.jpg, client=0:0:0:0:0:0:0:1, session=b3da7ebe-dfc2-4521-9a43-96de561bcd24, user=mat.niedbal@gmail.com]
2020-10-03 01:04:07.339 DEBUG 4656 --- [http-nio-8080-exec-7] o.s.w.f.CommonsRequestLoggingFilter      : Before request [GET /img/content/darvin_apple.jpg, client=0:0:0:0:0:0:0:1, session=b3da7ebe-dfc2-4521-9a43-96de561bcd24, user=mat.niedbal@gmail.com]
2020-10-03 01:04:07.339 DEBUG 4656 --- [http-nio-8080-exec-7] o.s.web.servlet.DispatcherServlet        : GET "/img/content/darvin_apple.jpg", parameters={}
2020-10-03 01:04:07.339 DEBUG 4656 --- [http-nio-8080-exec-7] o.s.w.s.handler.SimpleUrlHandlerMapping  : Mapped to ResourceHttpRequestHandler ["classpath:/META-INF/resources/", "classpath:/resources/", "classpath:/static/", "classpath:/public/", "/"]
2020-10-03 01:04:07.342 DEBUG 4656 --- [http-nio-8080-exec-6] o.s.web.servlet.DispatcherServlet        : Completed 200 OK
2020-10-03 01:04:07.342 DEBUG 4656 --- [http-nio-8080-exec-6] o.s.w.f.CommonsRequestLoggingFilter      : After request [GET /img/content/egistence.jpg, client=0:0:0:0:0:0:0:1, session=b3da7ebe-dfc2-4521-9a43-96de561bcd24, user=mat.niedbal@gmail.com]
2020-10-03 01:04:07.343 DEBUG 4656 --- [http-nio-8080-exec-9] o.s.web.servlet.DispatcherServlet        : Completed 200 OK
2020-10-03 01:04:07.343 DEBUG 4656 --- [http-nio-8080-exec-9] o.s.w.f.CommonsRequestLoggingFilter      : After request [GET /img/content/accident.jpg, client=0:0:0:0:0:0:0:1, session=b3da7ebe-dfc2-4521-9a43-96de561bcd24, user=mat.niedbal@gmail.com]
2020-10-03 01:04:07.344 DEBUG 4656 --- [http-nio-8080-exec-8] o.s.web.servlet.DispatcherServlet        : Completed 200 OK
2020-10-03 01:04:07.344 DEBUG 4656 --- [http-nio-8080-exec-8] o.s.w.f.CommonsRequestLoggingFilter      : After request [GET /img/content/feeding.jpg, client=0:0:0:0:0:0:0:1, session=b3da7ebe-dfc2-4521-9a43-96de561bcd24, user=mat.niedbal@gmail.com]
2020-10-03 01:04:07.354 DEBUG 4656 --- [http-nio-8080-exec-1] o.s.w.f.CommonsRequestLoggingFilter      : Before request [GET /img/content/book_of_destiny.jpg, client=0:0:0:0:0:0:0:1, session=b3da7ebe-dfc2-4521-9a43-96de561bcd24, user=mat.niedbal@gmail.com]
2020-10-03 01:04:07.354 DEBUG 4656 --- [http-nio-8080-exec-1] o.s.web.servlet.DispatcherServlet        : GET "/img/content/book_of_destiny.jpg", parameters={}
2020-10-03 01:04:07.355 DEBUG 4656 --- [http-nio-8080-exec-1] o.s.w.s.handler.SimpleUrlHandlerMapping  : Mapped to ResourceHttpRequestHandler ["classpath:/META-INF/resources/", "classpath:/resources/", "classpath:/static/", "classpath:/public/", "/"]
2020-10-03 01:04:07.365 DEBUG 4656 --- [http-nio-8080-exec-3] o.s.web.servlet.DispatcherServlet        : Completed 200 OK
2020-10-03 01:04:07.366 DEBUG 4656 --- [http-nio-8080-exec-3] o.s.w.f.CommonsRequestLoggingFilter      : After request [GET /img/content/walker.jpg, client=0:0:0:0:0:0:0:1, session=b3da7ebe-dfc2-4521-9a43-96de561bcd24, user=mat.niedbal@gmail.com]
2020-10-03 01:04:07.369 DEBUG 4656 --- [http-nio-8080-exec-7] o.s.web.servlet.DispatcherServlet        : Completed 200 OK
2020-10-03 01:04:07.369 DEBUG 4656 --- [http-nio-8080-exec-7] o.s.w.f.CommonsRequestLoggingFilter      : After request [GET /img/content/darvin_apple.jpg, client=0:0:0:0:0:0:0:1, session=b3da7ebe-dfc2-4521-9a43-96de561bcd24, user=mat.niedbal@gmail.com]
2020-10-03 01:04:07.370 DEBUG 4656 --- [http-nio-8080-exec-1] o.s.web.servlet.DispatcherServlet        : Completed 200 OK
2020-10-03 01:04:07.371 DEBUG 4656 --- [http-nio-8080-exec-1] o.s.w.f.CommonsRequestLoggingFilter      : After request [GET /img/content/book_of_destiny.jpg, client=0:0:0:0:0:0:0:1, session=b3da7ebe-dfc2-4521-9a43-96de561bcd24, user=mat.niedbal@gmail.com]
2020-10-03 01:04:07.374 DEBUG 4656 --- [http-nio-8080-exec-2] o.s.web.servlet.DispatcherServlet        : Completed 200 OK
2020-10-03 01:04:07.374 DEBUG 4656 --- [http-nio-8080-exec-2] o.s.w.f.CommonsRequestLoggingFilter      : After request [GET /img/content/greed_of_power.jpg, client=0:0:0:0:0:0:0:1, session=b3da7ebe-dfc2-4521-9a43-96de561bcd24, user=mat.niedbal@gmail.com]
2020-10-03 01:04:07.378 DEBUG 4656 --- [http-nio-8080-exec-7] o.s.w.f.CommonsRequestLoggingFilter      : Before request [GET /img/content/carnival_is_over.jpg, client=0:0:0:0:0:0:0:1, session=b3da7ebe-dfc2-4521-9a43-96de561bcd24, user=mat.niedbal@gmail.com]
2020-10-03 01:04:07.379 DEBUG 4656 --- [http-nio-8080-exec-7] o.s.web.servlet.DispatcherServlet        : GET "/img/content/carnival_is_over.jpg", parameters={}
2020-10-03 01:04:07.379 DEBUG 4656 --- [http-nio-8080-exec-7] o.s.w.s.handler.SimpleUrlHandlerMapping  : Mapped to ResourceHttpRequestHandler ["classpath:/META-INF/resources/", "classpath:/resources/", "classpath:/static/", "classpath:/public/", "/"]
2020-10-03 01:04:07.380 DEBUG 4656 --- [http-nio-8080-exec-1] o.s.w.f.CommonsRequestLoggingFilter      : Before request [GET /img/content/buddha.jpg, client=0:0:0:0:0:0:0:1, session=b3da7ebe-dfc2-4521-9a43-96de561bcd24, user=mat.niedbal@gmail.com]
2020-10-03 01:04:07.381 DEBUG 4656 --- [http-nio-8080-exec-1] o.s.web.servlet.DispatcherServlet        : GET "/img/content/buddha.jpg", parameters={}
2020-10-03 01:04:07.381 DEBUG 4656 --- [http-nio-8080-exec-1] o.s.w.s.handler.SimpleUrlHandlerMapping  : Mapped to ResourceHttpRequestHandler ["classpath:/META-INF/resources/", "classpath:/resources/", "classpath:/static/", "classpath:/public/", "/"]
2020-10-03 01:04:07.395 DEBUG 4656 --- [http-nio-8080-exec-7] o.s.web.servlet.DispatcherServlet        : Completed 200 OK
2020-10-03 01:04:07.395 DEBUG 4656 --- [http-nio-8080-exec-7] o.s.w.f.CommonsRequestLoggingFilter      : After request [GET /img/content/carnival_is_over.jpg, client=0:0:0:0:0:0:0:1, session=b3da7ebe-dfc2-4521-9a43-96de561bcd24, user=mat.niedbal@gmail.com]
2020-10-03 01:04:07.399 DEBUG 4656 --- [http-nio-8080-exec-1] o.s.web.servlet.DispatcherServlet        : Completed 200 OK
2020-10-03 01:04:07.399 DEBUG 4656 --- [http-nio-8080-exec-1] o.s.w.f.CommonsRequestLoggingFilter      : After request [GET /img/content/buddha.jpg, client=0:0:0:0:0:0:0:1, session=b3da7ebe-dfc2-4521-9a43-96de561bcd24, user=mat.niedbal@gmail.com]
2020-10-03 01:04:07.404 DEBUG 4656 --- [http-nio-8080-exec-7] o.s.w.f.CommonsRequestLoggingFilter      : Before request [GET /img/background.jpg, client=0:0:0:0:0:0:0:1, session=b3da7ebe-dfc2-4521-9a43-96de561bcd24, user=mat.niedbal@gmail.com]
2020-10-03 01:04:07.404 DEBUG 4656 --- [http-nio-8080-exec-7] o.s.web.servlet.DispatcherServlet        : GET "/img/background.jpg", parameters={}
2020-10-03 01:04:07.404 DEBUG 4656 --- [http-nio-8080-exec-7] o.s.w.s.handler.SimpleUrlHandlerMapping  : Mapped to ResourceHttpRequestHandler ["classpath:/META-INF/resources/", "classpath:/resources/", "classpath:/static/", "classpath:/public/", "/"]
2020-10-03 01:04:07.407 DEBUG 4656 --- [http-nio-8080-exec-1] o.s.w.f.CommonsRequestLoggingFilter      : Before request [GET /img/content/deep_den.jpg, client=0:0:0:0:0:0:0:1, session=b3da7ebe-dfc2-4521-9a43-96de561bcd24, user=mat.niedbal@gmail.com]
2020-10-03 01:04:07.407 DEBUG 4656 --- [http-nio-8080-exec-1] o.s.web.servlet.DispatcherServlet        : GET "/img/content/deep_den.jpg", parameters={}
2020-10-03 01:04:07.408 DEBUG 4656 --- [http-nio-8080-exec-1] o.s.w.s.handler.SimpleUrlHandlerMapping  : Mapped to ResourceHttpRequestHandler ["classpath:/META-INF/resources/", "classpath:/resources/", "classpath:/static/", "classpath:/public/", "/"]
2020-10-03 01:04:07.420 DEBUG 4656 --- [http-nio-8080-exec-7] o.s.web.servlet.DispatcherServlet        : Completed 200 OK
2020-10-03 01:04:07.421 DEBUG 4656 --- [http-nio-8080-exec-7] o.s.w.f.CommonsRequestLoggingFilter      : After request [GET /img/background.jpg, client=0:0:0:0:0:0:0:1, session=b3da7ebe-dfc2-4521-9a43-96de561bcd24, user=mat.niedbal@gmail.com]
2020-10-03 01:04:07.421 DEBUG 4656 --- [http-nio-8080-exec-1] o.s.web.servlet.DispatcherServlet        : Completed 200 OK
2020-10-03 01:04:07.421 DEBUG 4656 --- [http-nio-8080-exec-1] o.s.w.f.CommonsRequestLoggingFilter      : After request [GET /img/content/deep_den.jpg, client=0:0:0:0:0:0:0:1, session=b3da7ebe-dfc2-4521-9a43-96de561bcd24, user=mat.niedbal@gmail.com]
2020-10-03 01:04:07.427 DEBUG 4656 --- [http-nio-8080-exec-7] o.s.w.f.CommonsRequestLoggingFilter      : Before request [GET /img/content/fallen_messiah.jpg, client=0:0:0:0:0:0:0:1, session=b3da7ebe-dfc2-4521-9a43-96de561bcd24, user=mat.niedbal@gmail.com]
2020-10-03 01:04:07.427 DEBUG 4656 --- [http-nio-8080-exec-4] o.s.w.f.CommonsRequestLoggingFilter      : Before request [GET /img/content/fields_full_of_sounds.jpg, client=0:0:0:0:0:0:0:1, session=b3da7ebe-dfc2-4521-9a43-96de561bcd24, user=mat.niedbal@gmail.com]
2020-10-03 01:04:07.427 DEBUG 4656 --- [http-nio-8080-exec-1] o.s.w.f.CommonsRequestLoggingFilter      : Before request [GET /img/content/dreaming.jpg, client=0:0:0:0:0:0:0:1, session=b3da7ebe-dfc2-4521-9a43-96de561bcd24, user=mat.niedbal@gmail.com]
2020-10-03 01:04:07.427 DEBUG 4656 --- [http-nio-8080-exec-7] o.s.web.servlet.DispatcherServlet        : GET "/img/content/fallen_messiah.jpg", parameters={}
2020-10-03 01:04:07.428 DEBUG 4656 --- [http-nio-8080-exec-4] o.s.web.servlet.DispatcherServlet        : GET "/img/content/fields_full_of_sounds.jpg", parameters={}
2020-10-03 01:04:07.428 DEBUG 4656 --- [http-nio-8080-exec-1] o.s.web.servlet.DispatcherServlet        : GET "/img/content/dreaming.jpg", parameters={}
2020-10-03 01:04:07.428 DEBUG 4656 --- [http-nio-8080-exec-7] o.s.w.s.handler.SimpleUrlHandlerMapping  : Mapped to ResourceHttpRequestHandler ["classpath:/META-INF/resources/", "classpath:/resources/", "classpath:/static/", "classpath:/public/", "/"]
2020-10-03 01:04:07.428 DEBUG 4656 --- [http-nio-8080-exec-4] o.s.w.s.handler.SimpleUrlHandlerMapping  : Mapped to ResourceHttpRequestHandler ["classpath:/META-INF/resources/", "classpath:/resources/", "classpath:/static/", "classpath:/public/", "/"]
2020-10-03 01:04:07.428 DEBUG 4656 --- [http-nio-8080-exec-1] o.s.w.s.handler.SimpleUrlHandlerMapping  : Mapped to ResourceHttpRequestHandler ["classpath:/META-INF/resources/", "classpath:/resources/", "classpath:/static/", "classpath:/public/", "/"]
2020-10-03 01:04:07.446 DEBUG 4656 --- [http-nio-8080-exec-7] o.s.web.servlet.DispatcherServlet        : Completed 200 OK
2020-10-03 01:04:07.446 DEBUG 4656 --- [http-nio-8080-exec-7] o.s.w.f.CommonsRequestLoggingFilter      : After request [GET /img/content/fallen_messiah.jpg, client=0:0:0:0:0:0:0:1, session=b3da7ebe-dfc2-4521-9a43-96de561bcd24, user=mat.niedbal@gmail.com]
2020-10-03 01:04:07.461 DEBUG 4656 --- [http-nio-8080-exec-4] o.s.web.servlet.DispatcherServlet        : Completed 200 OK
2020-10-03 01:04:07.462 DEBUG 4656 --- [http-nio-8080-exec-4] o.s.w.f.CommonsRequestLoggingFilter      : After request [GET /img/content/fields_full_of_sounds.jpg, client=0:0:0:0:0:0:0:1, session=b3da7ebe-dfc2-4521-9a43-96de561bcd24, user=mat.niedbal@gmail.com]
2020-10-03 01:04:07.464 DEBUG 4656 --- [http-nio-8080-exec-5] o.s.w.f.CommonsRequestLoggingFilter      : Before request [GET /img/content/hermes%20trismegistos%20-%20Color%20XXS%20wgl%C4%85d%C3%B3wka.jpg, client=0:0:0:0:0:0:0:1, session=b3da7ebe-dfc2-4521-9a43-96de561bcd24, user=mat.niedbal@gmail.com]
2020-10-03 01:04:07.465 DEBUG 4656 --- [http-nio-8080-exec-5] o.s.web.servlet.DispatcherServlet        : GET "/img/content/hermes%20trismegistos%20-%20Color%20XXS%20wgl%C4%85d%C3%B3wka.jpg", parameters={}
2020-10-03 01:04:07.466 DEBUG 4656 --- [http-nio-8080-exec-5] o.s.w.s.handler.SimpleUrlHandlerMapping  : Mapped to ResourceHttpRequestHandler ["classpath:/META-INF/resources/", "classpath:/resources/", "classpath:/static/", "classpath:/public/", "/"]
2020-10-03 01:04:07.475 DEBUG 4656 --- [http-nio-8080-exec-4] o.s.w.f.CommonsRequestLoggingFilter      : Before request [GET /img/content/hermit_den.jpg, client=0:0:0:0:0:0:0:1, session=b3da7ebe-dfc2-4521-9a43-96de561bcd24, user=mat.niedbal@gmail.com]
2020-10-03 01:04:07.475 DEBUG 4656 --- [http-nio-8080-exec-4] o.s.web.servlet.DispatcherServlet        : GET "/img/content/hermit_den.jpg", parameters={}
2020-10-03 01:04:07.476 DEBUG 4656 --- [http-nio-8080-exec-4] o.s.w.s.handler.SimpleUrlHandlerMapping  : Mapped to ResourceHttpRequestHandler ["classpath:/META-INF/resources/", "classpath:/resources/", "classpath:/static/", "classpath:/public/", "/"]
2020-10-03 01:04:07.482 DEBUG 4656 --- [http-nio-8080-exec-1] o.s.web.servlet.DispatcherServlet        : Completed 200 OK
2020-10-03 01:04:07.482 DEBUG 4656 --- [http-nio-8080-exec-1] o.s.w.f.CommonsRequestLoggingFilter      : After request [GET /img/content/dreaming.jpg, client=0:0:0:0:0:0:0:1, session=b3da7ebe-dfc2-4521-9a43-96de561bcd24, user=mat.niedbal@gmail.com]
2020-10-03 01:04:07.495 DEBUG 4656 --- [http-nio-8080-exec-5] o.s.web.servlet.DispatcherServlet        : Completed 200 OK
2020-10-03 01:04:07.495 DEBUG 4656 --- [http-nio-8080-exec-5] o.s.w.f.CommonsRequestLoggingFilter      : After request [GET /img/content/hermes%20trismegistos%20-%20Color%20XXS%20wgl%C4%85d%C3%B3wka.jpg, client=0:0:0:0:0:0:0:1, session=b3da7ebe-dfc2-4521-9a43-96de561bcd24, user=mat.niedbal@gmail.com]
2020-10-03 01:04:07.496 DEBUG 4656 --- [http-nio-8080-exec-8] o.s.w.f.CommonsRequestLoggingFilter      : Before request [GET /img/content/pious_extasy.jpg, client=0:0:0:0:0:0:0:1, session=b3da7ebe-dfc2-4521-9a43-96de561bcd24, user=mat.niedbal@gmail.com]
2020-10-03 01:04:07.497 DEBUG 4656 --- [http-nio-8080-exec-8] o.s.web.servlet.DispatcherServlet        : GET "/img/content/pious_extasy.jpg", parameters={}
2020-10-03 01:04:07.497 DEBUG 4656 --- [http-nio-8080-exec-1] o.s.w.f.CommonsRequestLoggingFilter      : Before request [GET /img/content/king_is_dead.jpg, client=0:0:0:0:0:0:0:1, session=b3da7ebe-dfc2-4521-9a43-96de561bcd24, user=mat.niedbal@gmail.com]
2020-10-03 01:04:07.497 DEBUG 4656 --- [http-nio-8080-exec-1] o.s.web.servlet.DispatcherServlet        : GET "/img/content/king_is_dead.jpg", parameters={}
2020-10-03 01:04:07.497 DEBUG 4656 --- [http-nio-8080-exec-6] o.s.w.f.CommonsRequestLoggingFilter      : Before request [GET /img/content/king_of_beggars.jpg, client=0:0:0:0:0:0:0:1, session=b3da7ebe-dfc2-4521-9a43-96de561bcd24, user=mat.niedbal@gmail.com]
2020-10-03 01:04:07.497 DEBUG 4656 --- [http-nio-8080-exec-6] o.s.web.servlet.DispatcherServlet        : GET "/img/content/king_of_beggars.jpg", parameters={}
2020-10-03 01:04:07.497 DEBUG 4656 --- [http-nio-8080-exec-8] o.s.w.s.handler.SimpleUrlHandlerMapping  : Mapped to ResourceHttpRequestHandler ["classpath:/META-INF/resources/", "classpath:/resources/", "classpath:/static/", "classpath:/public/", "/"]
2020-10-03 01:04:07.497 DEBUG 4656 --- [http-nio-8080-exec-1] o.s.w.s.handler.SimpleUrlHandlerMapping  : Mapped to ResourceHttpRequestHandler ["classpath:/META-INF/resources/", "classpath:/resources/", "classpath:/static/", "classpath:/public/", "/"]
2020-10-03 01:04:07.497 DEBUG 4656 --- [http-nio-8080-exec-6] o.s.w.s.handler.SimpleUrlHandlerMapping  : Mapped to ResourceHttpRequestHandler ["classpath:/META-INF/resources/", "classpath:/resources/", "classpath:/static/", "classpath:/public/", "/"]
2020-10-03 01:04:07.501 DEBUG 4656 --- [http-nio-8080-exec-9] o.s.w.f.CommonsRequestLoggingFilter      : Before request [GET /img/content/lessons_of_morality.jpg, client=0:0:0:0:0:0:0:1, session=b3da7ebe-dfc2-4521-9a43-96de561bcd24, user=mat.niedbal@gmail.com]
2020-10-03 01:04:07.502 DEBUG 4656 --- [http-nio-8080-exec-9] o.s.web.servlet.DispatcherServlet        : GET "/img/content/lessons_of_morality.jpg", parameters={}
2020-10-03 01:04:07.502 DEBUG 4656 --- [http-nio-8080-exec-9] o.s.w.s.handler.SimpleUrlHandlerMapping  : Mapped to ResourceHttpRequestHandler ["classpath:/META-INF/resources/", "classpath:/resources/", "classpath:/static/", "classpath:/public/", "/"]
2020-10-03 01:04:07.510 DEBUG 4656 --- [http-nio-8080-exec-3] o.s.w.f.CommonsRequestLoggingFilter      : Before request [GET /img/content/queching_the_thirst.jpg, client=0:0:0:0:0:0:0:1, session=b3da7ebe-dfc2-4521-9a43-96de561bcd24, user=mat.niedbal@gmail.com]
2020-10-03 01:04:07.510 DEBUG 4656 --- [http-nio-8080-exec-3] o.s.web.servlet.DispatcherServlet        : GET "/img/content/queching_the_thirst.jpg", parameters={}
2020-10-03 01:04:07.510 DEBUG 4656 --- [http-nio-8080-exec-3] o.s.w.s.handler.SimpleUrlHandlerMapping  : Mapped to ResourceHttpRequestHandler ["classpath:/META-INF/resources/", "classpath:/resources/", "classpath:/static/", "classpath:/public/", "/"]
2020-10-03 01:04:07.513 DEBUG 4656 --- [http-nio-8080-exec-4] o.s.web.servlet.DispatcherServlet        : Completed 200 OK
2020-10-03 01:04:07.513 DEBUG 4656 --- [http-nio-8080-exec-4] o.s.w.f.CommonsRequestLoggingFilter      : After request [GET /img/content/hermit_den.jpg, client=0:0:0:0:0:0:0:1, session=b3da7ebe-dfc2-4521-9a43-96de561bcd24, user=mat.niedbal@gmail.com]
2020-10-03 01:04:07.513 DEBUG 4656 --- [http-nio-8080-exec-6] o.s.web.servlet.DispatcherServlet        : Completed 200 OK
2020-10-03 01:04:07.514 DEBUG 4656 --- [http-nio-8080-exec-6] o.s.w.f.CommonsRequestLoggingFilter      : After request [GET /img/content/king_of_beggars.jpg, client=0:0:0:0:0:0:0:1, session=b3da7ebe-dfc2-4521-9a43-96de561bcd24, user=mat.niedbal@gmail.com]
2020-10-03 01:04:07.518 DEBUG 4656 --- [http-nio-8080-exec-8] o.s.web.servlet.DispatcherServlet        : Completed 200 OK
2020-10-03 01:04:07.519 DEBUG 4656 --- [http-nio-8080-exec-8] o.s.w.f.CommonsRequestLoggingFilter      : After request [GET /img/content/pious_extasy.jpg, client=0:0:0:0:0:0:0:1, session=b3da7ebe-dfc2-4521-9a43-96de561bcd24, user=mat.niedbal@gmail.com]
2020-10-03 01:04:07.528 DEBUG 4656 --- [http-nio-8080-exec-8] o.s.w.f.CommonsRequestLoggingFilter      : Before request [GET /img/content/rhino.jpg, client=0:0:0:0:0:0:0:1, session=b3da7ebe-dfc2-4521-9a43-96de561bcd24, user=mat.niedbal@gmail.com]
2020-10-03 01:04:07.528 DEBUG 4656 --- [http-nio-8080-exec-8] o.s.web.servlet.DispatcherServlet        : GET "/img/content/rhino.jpg", parameters={}
2020-10-03 01:04:07.528 DEBUG 4656 --- [http-nio-8080-exec-8] o.s.w.s.handler.SimpleUrlHandlerMapping  : Mapped to ResourceHttpRequestHandler ["classpath:/META-INF/resources/", "classpath:/resources/", "classpath:/static/", "classpath:/public/", "/"]
2020-10-03 01:04:07.528 DEBUG 4656 --- [http-nio-8080-exec-2] o.s.w.f.CommonsRequestLoggingFilter      : Before request [GET /img/content/st_mathews_nightmare.jpg, client=0:0:0:0:0:0:0:1, session=b3da7ebe-dfc2-4521-9a43-96de561bcd24, user=mat.niedbal@gmail.com]
2020-10-03 01:04:07.529 DEBUG 4656 --- [http-nio-8080-exec-2] o.s.web.servlet.DispatcherServlet        : GET "/img/content/st_mathews_nightmare.jpg", parameters={}
2020-10-03 01:04:07.529 DEBUG 4656 --- [http-nio-8080-exec-2] o.s.w.s.handler.SimpleUrlHandlerMapping  : Mapped to ResourceHttpRequestHandler ["classpath:/META-INF/resources/", "classpath:/resources/", "classpath:/static/", "classpath:/public/", "/"]
2020-10-03 01:04:07.529 DEBUG 4656 --- [http-nio-8080-exec-9] o.s.web.servlet.DispatcherServlet        : Completed 200 OK
2020-10-03 01:04:07.530 DEBUG 4656 --- [http-nio-8080-exec-9] o.s.w.f.CommonsRequestLoggingFilter      : After request [GET /img/content/lessons_of_morality.jpg, client=0:0:0:0:0:0:0:1, session=b3da7ebe-dfc2-4521-9a43-96de561bcd24, user=mat.niedbal@gmail.com]
2020-10-03 01:04:07.531 DEBUG 4656 --- [http-nio-8080-exec-7] o.s.w.f.CommonsRequestLoggingFilter      : Before request [GET /img/content/temple_of_truth_and_false.jpg, client=0:0:0:0:0:0:0:1, session=b3da7ebe-dfc2-4521-9a43-96de561bcd24, user=mat.niedbal@gmail.com]
2020-10-03 01:04:07.532 DEBUG 4656 --- [http-nio-8080-exec-7] o.s.web.servlet.DispatcherServlet        : GET "/img/content/temple_of_truth_and_false.jpg", parameters={}
2020-10-03 01:04:07.532 DEBUG 4656 --- [http-nio-8080-exec-7] o.s.w.s.handler.SimpleUrlHandlerMapping  : Mapped to ResourceHttpRequestHandler ["classpath:/META-INF/resources/", "classpath:/resources/", "classpath:/static/", "classpath:/public/", "/"]
2020-10-03 01:04:07.537 DEBUG 4656 --- [http-nio-8080-exec-9] o.s.w.f.CommonsRequestLoggingFilter      : Before request [GET /img/content/temptation_of_adam_and_eve.jpg, client=0:0:0:0:0:0:0:1, session=b3da7ebe-dfc2-4521-9a43-96de561bcd24, user=mat.niedbal@gmail.com]
2020-10-03 01:04:07.537 DEBUG 4656 --- [http-nio-8080-exec-9] o.s.web.servlet.DispatcherServlet        : GET "/img/content/temptation_of_adam_and_eve.jpg", parameters={}
2020-10-03 01:04:07.538 DEBUG 4656 --- [http-nio-8080-exec-9] o.s.w.s.handler.SimpleUrlHandlerMapping  : Mapped to ResourceHttpRequestHandler ["classpath:/META-INF/resources/", "classpath:/resources/", "classpath:/static/", "classpath:/public/", "/"]
2020-10-03 01:04:07.550 DEBUG 4656 --- [http-nio-8080-exec-3] o.s.web.servlet.DispatcherServlet        : Completed 200 OK
2020-10-03 01:04:07.550 DEBUG 4656 --- [http-nio-8080-exec-1] o.s.web.servlet.DispatcherServlet        : Completed 200 OK
2020-10-03 01:04:07.550 DEBUG 4656 --- [http-nio-8080-exec-3] o.s.w.f.CommonsRequestLoggingFilter      : After request [GET /img/content/queching_the_thirst.jpg, client=0:0:0:0:0:0:0:1, session=b3da7ebe-dfc2-4521-9a43-96de561bcd24, user=mat.niedbal@gmail.com]
2020-10-03 01:04:07.550 DEBUG 4656 --- [http-nio-8080-exec-1] o.s.w.f.CommonsRequestLoggingFilter      : After request [GET /img/content/king_is_dead.jpg, client=0:0:0:0:0:0:0:1, session=b3da7ebe-dfc2-4521-9a43-96de561bcd24, user=mat.niedbal@gmail.com]
2020-10-03 01:04:07.563 DEBUG 4656 --- [http-nio-8080-exec-8] o.s.web.servlet.DispatcherServlet        : Completed 200 OK
2020-10-03 01:04:07.563 DEBUG 4656 --- [http-nio-8080-exec-8] o.s.w.f.CommonsRequestLoggingFilter      : After request [GET /img/content/rhino.jpg, client=0:0:0:0:0:0:0:1, session=b3da7ebe-dfc2-4521-9a43-96de561bcd24, user=mat.niedbal@gmail.com]
2020-10-03 01:04:07.567 DEBUG 4656 --- [http-nio-8080-exec-5] o.s.w.f.CommonsRequestLoggingFilter      : Before request [GET /img/content/CONSUMPTION%20copy%20S.jpg, client=0:0:0:0:0:0:0:1, session=b3da7ebe-dfc2-4521-9a43-96de561bcd24, user=mat.niedbal@gmail.com]
2020-10-03 01:04:07.567 DEBUG 4656 --- [http-nio-8080-exec-5] o.s.web.servlet.DispatcherServlet        : GET "/img/content/CONSUMPTION%20copy%20S.jpg", parameters={}
2020-10-03 01:04:07.568 DEBUG 4656 --- [http-nio-8080-exec-10] o.s.w.f.CommonsRequestLoggingFilter      : Before request [GET /img/content/tower_of_babel.jpg, client=0:0:0:0:0:0:0:1, session=b3da7ebe-dfc2-4521-9a43-96de561bcd24, user=mat.niedbal@gmail.com]
2020-10-03 01:04:07.568 DEBUG 4656 --- [http-nio-8080-exec-5] o.s.w.s.handler.SimpleUrlHandlerMapping  : Mapped to ResourceHttpRequestHandler ["classpath:/META-INF/resources/", "classpath:/resources/", "classpath:/static/", "classpath:/public/", "/"]
2020-10-03 01:04:07.568 DEBUG 4656 --- [http-nio-8080-exec-10] o.s.web.servlet.DispatcherServlet        : GET "/img/content/tower_of_babel.jpg", parameters={}
2020-10-03 01:04:07.569 DEBUG 4656 --- [http-nio-8080-exec-10] o.s.w.s.handler.SimpleUrlHandlerMapping  : Mapped to ResourceHttpRequestHandler ["classpath:/META-INF/resources/", "classpath:/resources/", "classpath:/static/", "classpath:/public/", "/"]
2020-10-03 01:04:07.570 DEBUG 4656 --- [http-nio-8080-exec-7] o.s.web.servlet.DispatcherServlet        : Completed 200 OK
2020-10-03 01:04:07.570 DEBUG 4656 --- [http-nio-8080-exec-7] o.s.w.f.CommonsRequestLoggingFilter      : After request [GET /img/content/temple_of_truth_and_false.jpg, client=0:0:0:0:0:0:0:1, session=b3da7ebe-dfc2-4521-9a43-96de561bcd24, user=mat.niedbal@gmail.com]
2020-10-03 01:04:07.573 DEBUG 4656 --- [http-nio-8080-exec-2] o.s.web.servlet.DispatcherServlet        : Completed 200 OK
2020-10-03 01:04:07.573 DEBUG 4656 --- [http-nio-8080-exec-2] o.s.w.f.CommonsRequestLoggingFilter      : After request [GET /img/content/st_mathews_nightmare.jpg, client=0:0:0:0:0:0:0:1, session=b3da7ebe-dfc2-4521-9a43-96de561bcd24, user=mat.niedbal@gmail.com]
2020-10-03 01:04:07.586 DEBUG 4656 --- [http-nio-8080-exec-9] o.s.web.servlet.DispatcherServlet        : Completed 200 OK
2020-10-03 01:04:07.586 DEBUG 4656 --- [http-nio-8080-exec-9] o.s.w.f.CommonsRequestLoggingFilter      : After request [GET /img/content/temptation_of_adam_and_eve.jpg, client=0:0:0:0:0:0:0:1, session=b3da7ebe-dfc2-4521-9a43-96de561bcd24, user=mat.niedbal@gmail.com]
2020-10-03 01:04:07.590 DEBUG 4656 --- [http-nio-8080-exec-10] o.s.web.servlet.DispatcherServlet        : Completed 200 OK
2020-10-03 01:04:07.590 DEBUG 4656 --- [http-nio-8080-exec-10] o.s.w.f.CommonsRequestLoggingFilter      : After request [GET /img/content/tower_of_babel.jpg, client=0:0:0:0:0:0:0:1, session=b3da7ebe-dfc2-4521-9a43-96de561bcd24, user=mat.niedbal@gmail.com]
2020-10-03 01:04:07.592 DEBUG 4656 --- [http-nio-8080-exec-5] o.s.web.servlet.DispatcherServlet        : Completed 200 OK
2020-10-03 01:04:07.592 DEBUG 4656 --- [http-nio-8080-exec-5] o.s.w.f.CommonsRequestLoggingFilter      : After request [GET /img/content/CONSUMPTION%20copy%20S.jpg, client=0:0:0:0:0:0:0:1, session=b3da7ebe-dfc2-4521-9a43-96de561bcd24, user=mat.niedbal@gmail.com]
2020-10-03 01:04:09.154 DEBUG 4656 --- [http-nio-8080-exec-4] o.s.w.f.CommonsRequestLoggingFilter      : Before request [GET /graphics/6, client=0:0:0:0:0:0:0:1, session=b3da7ebe-dfc2-4521-9a43-96de561bcd24, user=mat.niedbal@gmail.com]
2020-10-03 01:04:09.154 DEBUG 4656 --- [http-nio-8080-exec-4] o.s.web.servlet.DispatcherServlet        : GET "/graphics/6", parameters={}
2020-10-03 01:04:09.155 DEBUG 4656 --- [http-nio-8080-exec-4] s.w.s.m.m.a.RequestMappingHandlerMapping : Mapped to eu.mrndesign.matned.portfolioapp.controller.GraphicsController#getSingleGraphic(Long, Model)
2020-10-03 01:04:09.169 DEBUG 4656 --- [http-nio-8080-exec-4] o.s.w.s.v.ContentNegotiatingViewResolver : Selected 'text/html' given [text/html, application/xhtml+xml, image/avif, image/webp, image/apng, application/xml;q=0.9, application/signed-exchange;v=b3;q=0.9, */*;q=0.8]
2020-10-03 01:04:09.191 DEBUG 4656 --- [http-nio-8080-exec-4] o.s.web.servlet.DispatcherServlet        : Completed 200 OK
2020-10-03 01:04:09.192 DEBUG 4656 --- [http-nio-8080-exec-4] o.s.w.f.CommonsRequestLoggingFilter      : After request [GET /graphics/6, client=0:0:0:0:0:0:0:1, session=b3da7ebe-dfc2-4521-9a43-96de561bcd24, user=mat.niedbal@gmail.com]
2020-10-03 01:04:09.216 DEBUG 4656 --- [http-nio-8080-exec-6] o.s.w.f.CommonsRequestLoggingFilter      : Before request [GET /css/menu.css, client=0:0:0:0:0:0:0:1, session=b3da7ebe-dfc2-4521-9a43-96de561bcd24, user=mat.niedbal@gmail.com]
2020-10-03 01:04:09.216 DEBUG 4656 --- [http-nio-8080-exec-3] o.s.w.f.CommonsRequestLoggingFilter      : Before request [GET /css/footer.css, client=0:0:0:0:0:0:0:1, session=b3da7ebe-dfc2-4521-9a43-96de561bcd24, user=mat.niedbal@gmail.com]
2020-10-03 01:04:09.217 DEBUG 4656 --- [http-nio-8080-exec-3] o.s.web.servlet.DispatcherServlet        : GET "/css/footer.css", parameters={}
2020-10-03 01:04:09.217 DEBUG 4656 --- [http-nio-8080-exec-6] o.s.web.servlet.DispatcherServlet        : GET "/css/menu.css", parameters={}
2020-10-03 01:04:09.217 DEBUG 4656 --- [http-nio-8080-exec-6] o.s.w.s.handler.SimpleUrlHandlerMapping  : Mapped to ResourceHttpRequestHandler ["classpath:/META-INF/resources/", "classpath:/resources/", "classpath:/static/", "classpath:/public/", "/"]
2020-10-03 01:04:09.217 DEBUG 4656 --- [http-nio-8080-exec-3] o.s.w.s.handler.SimpleUrlHandlerMapping  : Mapped to ResourceHttpRequestHandler ["classpath:/META-INF/resources/", "classpath:/resources/", "classpath:/static/", "classpath:/public/", "/"]
2020-10-03 01:04:09.218 DEBUG 4656 --- [http-nio-8080-exec-1] o.s.w.f.CommonsRequestLoggingFilter      : Before request [GET /css/main.css, client=0:0:0:0:0:0:0:1, session=b3da7ebe-dfc2-4521-9a43-96de561bcd24, user=mat.niedbal@gmail.com]
2020-10-03 01:04:09.218 DEBUG 4656 --- [http-nio-8080-exec-1] o.s.web.servlet.DispatcherServlet        : GET "/css/main.css", parameters={}
2020-10-03 01:04:09.218 DEBUG 4656 --- [http-nio-8080-exec-1] o.s.w.s.handler.SimpleUrlHandlerMapping  : Mapped to ResourceHttpRequestHandler ["classpath:/META-INF/resources/", "classpath:/resources/", "classpath:/static/", "classpath:/public/", "/"]
2020-10-03 01:04:09.229 DEBUG 4656 --- [http-nio-8080-exec-6] o.s.web.servlet.DispatcherServlet        : Completed 200 OK
2020-10-03 01:04:09.229 DEBUG 4656 --- [http-nio-8080-exec-6] o.s.w.f.CommonsRequestLoggingFilter      : After request [GET /css/menu.css, client=0:0:0:0:0:0:0:1, session=b3da7ebe-dfc2-4521-9a43-96de561bcd24, user=mat.niedbal@gmail.com]
2020-10-03 01:04:09.230 DEBUG 4656 --- [http-nio-8080-exec-3] o.s.web.servlet.DispatcherServlet        : Completed 200 OK
2020-10-03 01:04:09.230 DEBUG 4656 --- [http-nio-8080-exec-3] o.s.w.f.CommonsRequestLoggingFilter      : After request [GET /css/footer.css, client=0:0:0:0:0:0:0:1, session=b3da7ebe-dfc2-4521-9a43-96de561bcd24, user=mat.niedbal@gmail.com]
2020-10-03 01:04:09.235 DEBUG 4656 --- [http-nio-8080-exec-1] o.s.web.servlet.DispatcherServlet        : Completed 200 OK
2020-10-03 01:04:09.235 DEBUG 4656 --- [http-nio-8080-exec-1] o.s.w.f.CommonsRequestLoggingFilter      : After request [GET /css/main.css, client=0:0:0:0:0:0:0:1, session=b3da7ebe-dfc2-4521-9a43-96de561bcd24, user=mat.niedbal@gmail.com]
2020-10-03 01:04:09.253 DEBUG 4656 --- [http-nio-8080-exec-8] o.s.w.f.CommonsRequestLoggingFilter      : Before request [GET /img/ic_shopping_cart.png, client=0:0:0:0:0:0:0:1, session=b3da7ebe-dfc2-4521-9a43-96de561bcd24, user=mat.niedbal@gmail.com]
2020-10-03 01:04:09.254 DEBUG 4656 --- [http-nio-8080-exec-8] o.s.web.servlet.DispatcherServlet        : GET "/img/ic_shopping_cart.png", parameters={}
2020-10-03 01:04:09.254 DEBUG 4656 --- [http-nio-8080-exec-7] o.s.w.f.CommonsRequestLoggingFilter      : Before request [GET /img/ic_play_arrow.png, client=0:0:0:0:0:0:0:1, session=b3da7ebe-dfc2-4521-9a43-96de561bcd24, user=mat.niedbal@gmail.com]
2020-10-03 01:04:09.254 DEBUG 4656 --- [http-nio-8080-exec-7] o.s.web.servlet.DispatcherServlet        : GET "/img/ic_play_arrow.png", parameters={}
2020-10-03 01:04:09.254 DEBUG 4656 --- [http-nio-8080-exec-8] o.s.w.s.handler.SimpleUrlHandlerMapping  : Mapped to ResourceHttpRequestHandler ["classpath:/META-INF/resources/", "classpath:/resources/", "classpath:/static/", "classpath:/public/", "/"]
2020-10-03 01:04:09.255 DEBUG 4656 --- [http-nio-8080-exec-7] o.s.w.s.handler.SimpleUrlHandlerMapping  : Mapped to ResourceHttpRequestHandler ["classpath:/META-INF/resources/", "classpath:/resources/", "classpath:/static/", "classpath:/public/", "/"]
2020-10-03 01:04:09.256 DEBUG 4656 --- [http-nio-8080-exec-2] o.s.w.f.CommonsRequestLoggingFilter      : Before request [GET /img/ic_pause.png, client=0:0:0:0:0:0:0:1, session=b3da7ebe-dfc2-4521-9a43-96de561bcd24, user=mat.niedbal@gmail.com]
2020-10-03 01:04:09.256 DEBUG 4656 --- [http-nio-8080-exec-2] o.s.web.servlet.DispatcherServlet        : GET "/img/ic_pause.png", parameters={}
2020-10-03 01:04:09.256 DEBUG 4656 --- [http-nio-8080-exec-2] o.s.w.s.handler.SimpleUrlHandlerMapping  : Mapped to ResourceHttpRequestHandler ["classpath:/META-INF/resources/", "classpath:/resources/", "classpath:/static/", "classpath:/public/", "/"]
2020-10-03 01:04:09.259 DEBUG 4656 --- [http-nio-8080-exec-9] o.s.w.f.CommonsRequestLoggingFilter      : Before request [GET /img/ic_volume_up.png, client=0:0:0:0:0:0:0:1, session=b3da7ebe-dfc2-4521-9a43-96de561bcd24, user=mat.niedbal@gmail.com]
2020-10-03 01:04:09.259 DEBUG 4656 --- [http-nio-8080-exec-9] o.s.web.servlet.DispatcherServlet        : GET "/img/ic_volume_up.png", parameters={}
2020-10-03 01:04:09.259 DEBUG 4656 --- [http-nio-8080-exec-9] o.s.w.s.handler.SimpleUrlHandlerMapping  : Mapped to ResourceHttpRequestHandler ["classpath:/META-INF/resources/", "classpath:/resources/", "classpath:/static/", "classpath:/public/", "/"]
2020-10-03 01:04:09.262 DEBUG 4656 --- [http-nio-8080-exec-5] o.s.w.f.CommonsRequestLoggingFilter      : Before request [GET /img/content/Mist%202S.jpg, client=0:0:0:0:0:0:0:1, session=b3da7ebe-dfc2-4521-9a43-96de561bcd24, user=mat.niedbal@gmail.com]
2020-10-03 01:04:09.262 DEBUG 4656 --- [http-nio-8080-exec-10] o.s.w.f.CommonsRequestLoggingFilter      : Before request [GET /img/ic_volume_down.png, client=0:0:0:0:0:0:0:1, session=b3da7ebe-dfc2-4521-9a43-96de561bcd24, user=mat.niedbal@gmail.com]
2020-10-03 01:04:09.262 DEBUG 4656 --- [http-nio-8080-exec-5] o.s.web.servlet.DispatcherServlet        : GET "/img/content/Mist%202S.jpg", parameters={}
2020-10-03 01:04:09.262 DEBUG 4656 --- [http-nio-8080-exec-10] o.s.web.servlet.DispatcherServlet        : GET "/img/ic_volume_down.png", parameters={}
2020-10-03 01:04:09.263 DEBUG 4656 --- [http-nio-8080-exec-5] o.s.w.s.handler.SimpleUrlHandlerMapping  : Mapped to ResourceHttpRequestHandler ["classpath:/META-INF/resources/", "classpath:/resources/", "classpath:/static/", "classpath:/public/", "/"]
2020-10-03 01:04:09.263 DEBUG 4656 --- [http-nio-8080-exec-10] o.s.w.s.handler.SimpleUrlHandlerMapping  : Mapped to ResourceHttpRequestHandler ["classpath:/META-INF/resources/", "classpath:/resources/", "classpath:/static/", "classpath:/public/", "/"]
2020-10-03 01:04:09.269 DEBUG 4656 --- [http-nio-8080-exec-7] o.s.web.servlet.DispatcherServlet        : Completed 200 OK
2020-10-03 01:04:09.269 DEBUG 4656 --- [http-nio-8080-exec-7] o.s.w.f.CommonsRequestLoggingFilter      : After request [GET /img/ic_play_arrow.png, client=0:0:0:0:0:0:0:1, session=b3da7ebe-dfc2-4521-9a43-96de561bcd24, user=mat.niedbal@gmail.com]
2020-10-03 01:04:09.269 DEBUG 4656 --- [http-nio-8080-exec-8] o.s.web.servlet.DispatcherServlet        : Completed 200 OK
2020-10-03 01:04:09.269 DEBUG 4656 --- [http-nio-8080-exec-8] o.s.w.f.CommonsRequestLoggingFilter      : After request [GET /img/ic_shopping_cart.png, client=0:0:0:0:0:0:0:1, session=b3da7ebe-dfc2-4521-9a43-96de561bcd24, user=mat.niedbal@gmail.com]
2020-10-03 01:04:09.275 DEBUG 4656 --- [http-nio-8080-exec-2] o.s.web.servlet.DispatcherServlet        : Completed 200 OK
2020-10-03 01:04:09.275 DEBUG 4656 --- [http-nio-8080-exec-2] o.s.w.f.CommonsRequestLoggingFilter      : After request [GET /img/ic_pause.png, client=0:0:0:0:0:0:0:1, session=b3da7ebe-dfc2-4521-9a43-96de561bcd24, user=mat.niedbal@gmail.com]
2020-10-03 01:04:09.279 DEBUG 4656 --- [http-nio-8080-exec-9] o.s.web.servlet.DispatcherServlet        : Completed 200 OK
2020-10-03 01:04:09.279 DEBUG 4656 --- [http-nio-8080-exec-9] o.s.w.f.CommonsRequestLoggingFilter      : After request [GET /img/ic_volume_up.png, client=0:0:0:0:0:0:0:1, session=b3da7ebe-dfc2-4521-9a43-96de561bcd24, user=mat.niedbal@gmail.com]
2020-10-03 01:04:09.284 DEBUG 4656 --- [http-nio-8080-exec-10] o.s.web.servlet.DispatcherServlet        : Completed 200 OK
2020-10-03 01:04:09.284 DEBUG 4656 --- [http-nio-8080-exec-10] o.s.w.f.CommonsRequestLoggingFilter      : After request [GET /img/ic_volume_down.png, client=0:0:0:0:0:0:0:1, session=b3da7ebe-dfc2-4521-9a43-96de561bcd24, user=mat.niedbal@gmail.com]
2020-10-03 01:04:09.286 DEBUG 4656 --- [http-nio-8080-exec-5] o.s.web.servlet.DispatcherServlet        : Completed 200 OK
2020-10-03 01:04:09.286 DEBUG 4656 --- [http-nio-8080-exec-5] o.s.w.f.CommonsRequestLoggingFilter      : After request [GET /img/content/Mist%202S.jpg, client=0:0:0:0:0:0:0:1, session=b3da7ebe-dfc2-4521-9a43-96de561bcd24, user=mat.niedbal@gmail.com]
2020-10-03 01:04:09.311 DEBUG 4656 --- [http-nio-8080-exec-4] o.s.w.f.CommonsRequestLoggingFilter      : Before request [GET /img/background.jpg, client=0:0:0:0:0:0:0:1, session=b3da7ebe-dfc2-4521-9a43-96de561bcd24, user=mat.niedbal@gmail.com]
2020-10-03 01:04:09.311 DEBUG 4656 --- [http-nio-8080-exec-4] o.s.web.servlet.DispatcherServlet        : GET "/img/background.jpg", parameters={}
2020-10-03 01:04:09.312 DEBUG 4656 --- [http-nio-8080-exec-4] o.s.w.s.handler.SimpleUrlHandlerMapping  : Mapped to ResourceHttpRequestHandler ["classpath:/META-INF/resources/", "classpath:/resources/", "classpath:/static/", "classpath:/public/", "/"]
2020-10-03 01:04:09.332 DEBUG 4656 --- [http-nio-8080-exec-4] o.s.web.servlet.DispatcherServlet        : Completed 200 OK
2020-10-03 01:04:09.332 DEBUG 4656 --- [http-nio-8080-exec-4] o.s.w.f.CommonsRequestLoggingFilter      : After request [GET /img/background.jpg, client=0:0:0:0:0:0:0:1, session=b3da7ebe-dfc2-4521-9a43-96de561bcd24, user=mat.niedbal@gmail.com]
2020-10-03 01:04:15.306 DEBUG 4656 --- [http-nio-8080-exec-6] o.s.w.f.CommonsRequestLoggingFilter      : Before request [GET /graphics/picture/6, client=0:0:0:0:0:0:0:1, session=b3da7ebe-dfc2-4521-9a43-96de561bcd24, user=mat.niedbal@gmail.com]
2020-10-03 01:04:15.306 DEBUG 4656 --- [http-nio-8080-exec-6] o.s.web.servlet.DispatcherServlet        : GET "/graphics/picture/6", parameters={}
2020-10-03 01:04:15.307 DEBUG 4656 --- [http-nio-8080-exec-6] s.w.s.m.m.a.RequestMappingHandlerMapping : Mapped to eu.mrndesign.matned.portfolioapp.controller.GraphicsController#getSinglePicture(Long, Model)
2020-10-03 01:04:15.312 DEBUG 4656 --- [http-nio-8080-exec-6] o.s.w.s.v.ContentNegotiatingViewResolver : Selected 'text/html' given [text/html, application/xhtml+xml, image/avif, image/webp, image/apng, application/xml;q=0.9, application/signed-exchange;v=b3;q=0.9, */*;q=0.8]
2020-10-03 01:04:15.330 DEBUG 4656 --- [http-nio-8080-exec-6] o.s.web.servlet.DispatcherServlet        : Completed 200 OK
2020-10-03 01:04:15.330 DEBUG 4656 --- [http-nio-8080-exec-6] o.s.w.f.CommonsRequestLoggingFilter      : After request [GET /graphics/picture/6, client=0:0:0:0:0:0:0:1, session=b3da7ebe-dfc2-4521-9a43-96de561bcd24, user=mat.niedbal@gmail.com]
2020-10-03 01:04:15.354 DEBUG 4656 --- [http-nio-8080-exec-3] o.s.w.f.CommonsRequestLoggingFilter      : Before request [GET /css/menu.css, client=0:0:0:0:0:0:0:1, session=b3da7ebe-dfc2-4521-9a43-96de561bcd24, user=mat.niedbal@gmail.com]
2020-10-03 01:04:15.355 DEBUG 4656 --- [http-nio-8080-exec-3] o.s.web.servlet.DispatcherServlet        : GET "/css/menu.css", parameters={}
2020-10-03 01:04:15.355 DEBUG 4656 --- [http-nio-8080-exec-3] o.s.w.s.handler.SimpleUrlHandlerMapping  : Mapped to ResourceHttpRequestHandler ["classpath:/META-INF/resources/", "classpath:/resources/", "classpath:/static/", "classpath:/public/", "/"]
2020-10-03 01:04:15.356 DEBUG 4656 --- [http-nio-8080-exec-1] o.s.w.f.CommonsRequestLoggingFilter      : Before request [GET /css/footer.css, client=0:0:0:0:0:0:0:1, session=b3da7ebe-dfc2-4521-9a43-96de561bcd24, user=mat.niedbal@gmail.com]
2020-10-03 01:04:15.356 DEBUG 4656 --- [http-nio-8080-exec-1] o.s.web.servlet.DispatcherServlet        : GET "/css/footer.css", parameters={}
2020-10-03 01:04:15.357 DEBUG 4656 --- [http-nio-8080-exec-1] o.s.w.s.handler.SimpleUrlHandlerMapping  : Mapped to ResourceHttpRequestHandler ["classpath:/META-INF/resources/", "classpath:/resources/", "classpath:/static/", "classpath:/public/", "/"]
2020-10-03 01:04:15.357 DEBUG 4656 --- [http-nio-8080-exec-7] o.s.w.f.CommonsRequestLoggingFilter      : Before request [GET /css/main.css, client=0:0:0:0:0:0:0:1, session=b3da7ebe-dfc2-4521-9a43-96de561bcd24, user=mat.niedbal@gmail.com]
2020-10-03 01:04:15.357 DEBUG 4656 --- [http-nio-8080-exec-7] o.s.web.servlet.DispatcherServlet        : GET "/css/main.css", parameters={}
2020-10-03 01:04:15.358 DEBUG 4656 --- [http-nio-8080-exec-7] o.s.w.s.handler.SimpleUrlHandlerMapping  : Mapped to ResourceHttpRequestHandler ["classpath:/META-INF/resources/", "classpath:/resources/", "classpath:/static/", "classpath:/public/", "/"]
2020-10-03 01:04:15.368 DEBUG 4656 --- [http-nio-8080-exec-3] o.s.web.servlet.DispatcherServlet        : Completed 200 OK
2020-10-03 01:04:15.368 DEBUG 4656 --- [http-nio-8080-exec-3] o.s.w.f.CommonsRequestLoggingFilter      : After request [GET /css/menu.css, client=0:0:0:0:0:0:0:1, session=b3da7ebe-dfc2-4521-9a43-96de561bcd24, user=mat.niedbal@gmail.com]
2020-10-03 01:04:15.371 DEBUG 4656 --- [http-nio-8080-exec-1] o.s.web.servlet.DispatcherServlet        : Completed 200 OK
2020-10-03 01:04:15.372 DEBUG 4656 --- [http-nio-8080-exec-1] o.s.w.f.CommonsRequestLoggingFilter      : After request [GET /css/footer.css, client=0:0:0:0:0:0:0:1, session=b3da7ebe-dfc2-4521-9a43-96de561bcd24, user=mat.niedbal@gmail.com]
2020-10-03 01:04:15.374 DEBUG 4656 --- [http-nio-8080-exec-7] o.s.web.servlet.DispatcherServlet        : Completed 200 OK
2020-10-03 01:04:15.374 DEBUG 4656 --- [http-nio-8080-exec-7] o.s.w.f.CommonsRequestLoggingFilter      : After request [GET /css/main.css, client=0:0:0:0:0:0:0:1, session=b3da7ebe-dfc2-4521-9a43-96de561bcd24, user=mat.niedbal@gmail.com]
2020-10-03 01:04:15.398 DEBUG 4656 --- [http-nio-8080-exec-8] o.s.w.f.CommonsRequestLoggingFilter      : Before request [GET /img/ic_shopping_cart.png, client=0:0:0:0:0:0:0:1, session=b3da7ebe-dfc2-4521-9a43-96de561bcd24, user=mat.niedbal@gmail.com]
2020-10-03 01:04:15.398 DEBUG 4656 --- [http-nio-8080-exec-8] o.s.web.servlet.DispatcherServlet        : GET "/img/ic_shopping_cart.png", parameters={}
2020-10-03 01:04:15.398 DEBUG 4656 --- [http-nio-8080-exec-8] o.s.w.s.handler.SimpleUrlHandlerMapping  : Mapped to ResourceHttpRequestHandler ["classpath:/META-INF/resources/", "classpath:/resources/", "classpath:/static/", "classpath:/public/", "/"]
2020-10-03 01:04:15.399 DEBUG 4656 --- [http-nio-8080-exec-2] o.s.w.f.CommonsRequestLoggingFilter      : Before request [GET /img/ic_play_arrow.png, client=0:0:0:0:0:0:0:1, session=b3da7ebe-dfc2-4521-9a43-96de561bcd24, user=mat.niedbal@gmail.com]
2020-10-03 01:04:15.399 DEBUG 4656 --- [http-nio-8080-exec-2] o.s.web.servlet.DispatcherServlet        : GET "/img/ic_play_arrow.png", parameters={}
2020-10-03 01:04:15.400 DEBUG 4656 --- [http-nio-8080-exec-2] o.s.w.s.handler.SimpleUrlHandlerMapping  : Mapped to ResourceHttpRequestHandler ["classpath:/META-INF/resources/", "classpath:/resources/", "classpath:/static/", "classpath:/public/", "/"]
2020-10-03 01:04:15.400 DEBUG 4656 --- [http-nio-8080-exec-9] o.s.w.f.CommonsRequestLoggingFilter      : Before request [GET /img/ic_pause.png, client=0:0:0:0:0:0:0:1, session=b3da7ebe-dfc2-4521-9a43-96de561bcd24, user=mat.niedbal@gmail.com]
2020-10-03 01:04:15.400 DEBUG 4656 --- [http-nio-8080-exec-9] o.s.web.servlet.DispatcherServlet        : GET "/img/ic_pause.png", parameters={}
2020-10-03 01:04:15.400 DEBUG 4656 --- [http-nio-8080-exec-9] o.s.w.s.handler.SimpleUrlHandlerMapping  : Mapped to ResourceHttpRequestHandler ["classpath:/META-INF/resources/", "classpath:/resources/", "classpath:/static/", "classpath:/public/", "/"]
2020-10-03 01:04:15.401 DEBUG 4656 --- [http-nio-8080-exec-10] o.s.w.f.CommonsRequestLoggingFilter      : Before request [GET /img/ic_volume_up.png, client=0:0:0:0:0:0:0:1, session=b3da7ebe-dfc2-4521-9a43-96de561bcd24, user=mat.niedbal@gmail.com]
2020-10-03 01:04:15.401 DEBUG 4656 --- [http-nio-8080-exec-10] o.s.web.servlet.DispatcherServlet        : GET "/img/ic_volume_up.png", parameters={}
2020-10-03 01:04:15.401 DEBUG 4656 --- [http-nio-8080-exec-10] o.s.w.s.handler.SimpleUrlHandlerMapping  : Mapped to ResourceHttpRequestHandler ["classpath:/META-INF/resources/", "classpath:/resources/", "classpath:/static/", "classpath:/public/", "/"]
2020-10-03 01:04:15.402 DEBUG 4656 --- [http-nio-8080-exec-5] o.s.w.f.CommonsRequestLoggingFilter      : Before request [GET /img/ic_volume_down.png, client=0:0:0:0:0:0:0:1, session=b3da7ebe-dfc2-4521-9a43-96de561bcd24, user=mat.niedbal@gmail.com]
2020-10-03 01:04:15.402 DEBUG 4656 --- [http-nio-8080-exec-5] o.s.web.servlet.DispatcherServlet        : GET "/img/ic_volume_down.png", parameters={}
2020-10-03 01:04:15.402 DEBUG 4656 --- [http-nio-8080-exec-5] o.s.w.s.handler.SimpleUrlHandlerMapping  : Mapped to ResourceHttpRequestHandler ["classpath:/META-INF/resources/", "classpath:/resources/", "classpath:/static/", "classpath:/public/", "/"]
2020-10-03 01:04:15.405 DEBUG 4656 --- [http-nio-8080-exec-4] o.s.w.f.CommonsRequestLoggingFilter      : Before request [GET /img/content/Mist%202S.jpg, client=0:0:0:0:0:0:0:1, session=b3da7ebe-dfc2-4521-9a43-96de561bcd24, user=mat.niedbal@gmail.com]
2020-10-03 01:04:15.405 DEBUG 4656 --- [http-nio-8080-exec-4] o.s.web.servlet.DispatcherServlet        : GET "/img/content/Mist%202S.jpg", parameters={}
2020-10-03 01:04:15.405 DEBUG 4656 --- [http-nio-8080-exec-4] o.s.w.s.handler.SimpleUrlHandlerMapping  : Mapped to ResourceHttpRequestHandler ["classpath:/META-INF/resources/", "classpath:/resources/", "classpath:/static/", "classpath:/public/", "/"]
2020-10-03 01:04:15.411 DEBUG 4656 --- [http-nio-8080-exec-8] o.s.web.servlet.DispatcherServlet        : Completed 200 OK
2020-10-03 01:04:15.411 DEBUG 4656 --- [http-nio-8080-exec-8] o.s.w.f.CommonsRequestLoggingFilter      : After request [GET /img/ic_shopping_cart.png, client=0:0:0:0:0:0:0:1, session=b3da7ebe-dfc2-4521-9a43-96de561bcd24, user=mat.niedbal@gmail.com]
2020-10-03 01:04:15.412 DEBUG 4656 --- [http-nio-8080-exec-2] o.s.web.servlet.DispatcherServlet        : Completed 200 OK
2020-10-03 01:04:15.412 DEBUG 4656 --- [http-nio-8080-exec-2] o.s.w.f.CommonsRequestLoggingFilter      : After request [GET /img/ic_play_arrow.png, client=0:0:0:0:0:0:0:1, session=b3da7ebe-dfc2-4521-9a43-96de561bcd24, user=mat.niedbal@gmail.com]
2020-10-03 01:04:15.413 DEBUG 4656 --- [http-nio-8080-exec-9] o.s.web.servlet.DispatcherServlet        : Completed 200 OK
2020-10-03 01:04:15.413 DEBUG 4656 --- [http-nio-8080-exec-9] o.s.w.f.CommonsRequestLoggingFilter      : After request [GET /img/ic_pause.png, client=0:0:0:0:0:0:0:1, session=b3da7ebe-dfc2-4521-9a43-96de561bcd24, user=mat.niedbal@gmail.com]
2020-10-03 01:04:15.415 DEBUG 4656 --- [http-nio-8080-exec-10] o.s.web.servlet.DispatcherServlet        : Completed 200 OK
2020-10-03 01:04:15.416 DEBUG 4656 --- [http-nio-8080-exec-10] o.s.w.f.CommonsRequestLoggingFilter      : After request [GET /img/ic_volume_up.png, client=0:0:0:0:0:0:0:1, session=b3da7ebe-dfc2-4521-9a43-96de561bcd24, user=mat.niedbal@gmail.com]
2020-10-03 01:04:15.420 DEBUG 4656 --- [http-nio-8080-exec-5] o.s.web.servlet.DispatcherServlet        : Completed 200 OK
2020-10-03 01:04:15.421 DEBUG 4656 --- [http-nio-8080-exec-5] o.s.w.f.CommonsRequestLoggingFilter      : After request [GET /img/ic_volume_down.png, client=0:0:0:0:0:0:0:1, session=b3da7ebe-dfc2-4521-9a43-96de561bcd24, user=mat.niedbal@gmail.com]
2020-10-03 01:04:15.427 DEBUG 4656 --- [http-nio-8080-exec-4] o.s.web.servlet.DispatcherServlet        : Completed 200 OK
2020-10-03 01:04:15.427 DEBUG 4656 --- [http-nio-8080-exec-4] o.s.w.f.CommonsRequestLoggingFilter      : After request [GET /img/content/Mist%202S.jpg, client=0:0:0:0:0:0:0:1, session=b3da7ebe-dfc2-4521-9a43-96de561bcd24, user=mat.niedbal@gmail.com]
2020-10-03 01:04:15.445 DEBUG 4656 --- [http-nio-8080-exec-6] o.s.w.f.CommonsRequestLoggingFilter      : Before request [GET /img/background.jpg, client=0:0:0:0:0:0:0:1, session=b3da7ebe-dfc2-4521-9a43-96de561bcd24, user=mat.niedbal@gmail.com]
2020-10-03 01:04:15.446 DEBUG 4656 --- [http-nio-8080-exec-6] o.s.web.servlet.DispatcherServlet        : GET "/img/background.jpg", parameters={}
2020-10-03 01:04:15.446 DEBUG 4656 --- [http-nio-8080-exec-6] o.s.w.s.handler.SimpleUrlHandlerMapping  : Mapped to ResourceHttpRequestHandler ["classpath:/META-INF/resources/", "classpath:/resources/", "classpath:/static/", "classpath:/public/", "/"]
2020-10-03 01:04:15.449 DEBUG 4656 --- [http-nio-8080-exec-3] o.s.w.f.CommonsRequestLoggingFilter      : Before request [GET /graphics/sound/music1.mp3, client=0:0:0:0:0:0:0:1, session=b3da7ebe-dfc2-4521-9a43-96de561bcd24, user=mat.niedbal@gmail.com]
2020-10-03 01:04:15.449 DEBUG 4656 --- [http-nio-8080-exec-3] o.s.web.servlet.DispatcherServlet        : GET "/graphics/sound/music1.mp3", parameters={}
2020-10-03 01:04:15.450 DEBUG 4656 --- [http-nio-8080-exec-3] o.s.w.s.handler.SimpleUrlHandlerMapping  : Mapped to ResourceHttpRequestHandler ["classpath:/META-INF/resources/", "classpath:/resources/", "classpath:/static/", "classpath:/public/", "/"]
2020-10-03 01:04:15.453 DEBUG 4656 --- [http-nio-8080-exec-3] o.s.w.s.r.ResourceHttpRequestHandler     : Resource not found
2020-10-03 01:04:15.462 DEBUG 4656 --- [http-nio-8080-exec-3] o.s.web.servlet.DispatcherServlet        : Completed 404 NOT_FOUND
2020-10-03 01:04:15.462 DEBUG 4656 --- [http-nio-8080-exec-3] o.s.w.f.CommonsRequestLoggingFilter      : After request [GET /graphics/sound/music1.mp3, client=0:0:0:0:0:0:0:1, session=b3da7ebe-dfc2-4521-9a43-96de561bcd24, user=mat.niedbal@gmail.com]
2020-10-03 01:04:15.466 DEBUG 4656 --- [http-nio-8080-exec-6] o.s.web.servlet.DispatcherServlet        : Completed 200 OK
2020-10-03 01:04:15.466 DEBUG 4656 --- [http-nio-8080-exec-6] o.s.w.f.CommonsRequestLoggingFilter      : After request [GET /img/background.jpg, client=0:0:0:0:0:0:0:1, session=b3da7ebe-dfc2-4521-9a43-96de561bcd24, user=mat.niedbal@gmail.com]
2020-10-03 01:04:15.470 DEBUG 4656 --- [http-nio-8080-exec-3] o.s.web.servlet.DispatcherServlet        : "ERROR" dispatch for GET "/error", parameters={}
2020-10-03 01:04:15.471 DEBUG 4656 --- [http-nio-8080-exec-3] s.w.s.m.m.a.RequestMappingHandlerMapping : Mapped to eu.mrndesign.matned.portfolioapp.controller.ErrorController#handleError(HttpServletRequest, Model)
2020-10-03 01:04:15.472 DEBUG 4656 --- [http-nio-8080-exec-3] o.s.w.s.v.ContentNegotiatingViewResolver : Selected '*/*' given [*/*]
2020-10-03 01:04:15.488 DEBUG 4656 --- [http-nio-8080-exec-3] o.s.web.servlet.DispatcherServlet        : Exiting from "ERROR" dispatch, status 404
